============================= test session starts ==============================
platform linux -- Python 3.12.3, pytest-8.4.1, pluggy-1.6.0
rootdir: /home/tkimura/dev/swing
configfile: pyproject.toml
testpaths: tests
plugins: timeout-2.4.0, cov-6.2.1, mock-3.14.1, xdist-3.8.0, anyio-4.9.0
timeout: 300.0s
timeout method: signal
timeout func_only: False
collected 1023 items

tests/auth/test_admin_setup.py .......                                   [  0%]
tests/auth/test_auth.py ........................                         [  3%]
tests/auth/test_decorators.py ...............                            [  4%]
tests/auth/test_models.py ......................                         [  6%]
tests/backtest/test_analyze_backtest_json.py .......................     [  8%]
tests/backtest/test_backtest_advanced.py ..............                  [ 10%]
tests/backtest/test_backtest_ml.py ................                      [ 11%]
tests/backtest/test_backtest_statements.py ........................      [ 14%]
tests/backtest/test_backtest_technical.py ...............                [ 15%]
tests/backtest/test_base_v2.py ...........                               [ 16%]
tests/backtest/test_strategies.py ..................                     [ 18%]
tests/cli/test_scheduler.py ..........                                   [ 19%]
tests/cli/test_update_idtoken.py ...............                         [ 20%]
tests/db/test_db_schema.py ...........                                   [ 21%]
tests/db/test_db_summary.py ......                                       [ 22%]
tests/db/test_list_signals.py ..........                                 [ 23%]
tests/fetch/test_daily_quotes.py F.......................F....FF.        [ 26%]
tests/fetch/test_listed_info.py ..........                               [ 27%]
tests/fetch/test_statements.py .......s...........                       [ 29%]
tests/portfolio/csv_parser/parsers/test_holdings_parser.py ..FF.....FF.. [ 30%]
.                                                                        [ 30%]
tests/portfolio/csv_parser/test_encodings.py ....................        [ 32%]
tests/portfolio/csv_parser/test_parsers_holdings.py ..................   [ 34%]
tests/portfolio/csv_parser/test_parsers_transactions.py ................ [ 36%]
..                                                                       [ 36%]
tests/portfolio/csv_parser/test_utils_converters.py .................... [ 38%]
.....                                                                    [ 38%]
tests/portfolio/test_fund_manager.py ...............                     [ 40%]
tests/portfolio/test_holdings_manager.py .........                       [ 41%]
tests/portfolio/test_indicators_manager.py ...............               [ 42%]
tests/portfolio/test_integration.py ......                               [ 43%]
tests/portfolio/test_manager.py ............                             [ 44%]
tests/portfolio/test_models_holding.py ...............                   [ 45%]
tests/portfolio/test_models_transaction.py ............                  [ 47%]
tests/portfolio/test_portfolio_aggregator.py ............                [ 48%]
tests/portfolio/test_repository.py ...........F                          [ 49%]
tests/portfolio/test_service.py .FFF.F..........F.........F.F.           [ 52%]
tests/portfolio/test_transaction_manager.py ...........                  [ 53%]
tests/portfolio/visualizers/test_base.py .......                         [ 54%]
tests/portfolio/visualizers/test_composition.py ........F.F....F         [ 55%]
tests/repositories/test_listed_info_repository.py ...........            [ 56%]
tests/repositories/test_price_repository.py .............                [ 57%]
tests/repositories/test_statements_repository.py ............            [ 59%]
tests/screening/test_screen_advanced.py ...........                      [ 60%]
tests/screening/test_screen_ml.py ..................                     [ 61%]
tests/screening/test_screen_statements.py ............s..s.........      [ 64%]
tests/screening/test_screen_statements_v2.py .........                   [ 65%]
tests/screening/test_screen_technical.py .........s.......               [ 66%]
tests/screening/test_thresholds.py ............                          [ 68%]
tests/test_config.py ....................                                [ 70%]
tests/test_config_extra.py .............                                 [ 71%]
tests/ui/blueprints/auth/test_auth_routes.py ................            [ 72%]
tests/ui/blueprints/backtest/test_backtest_routes.py FFFFFFFFFFFF.       [ 74%]
tests/ui/blueprints/fetch/test_fetch_routes.py FFFFFFFFFFFFFF.FF         [ 75%]
tests/ui/blueprints/portfolio/test_holdings.py FFFFFFFFFFFFFFF           [ 77%]
tests/ui/blueprints/screening/test_screening_routes.py FFFFFFFFFFFFFFFFF [ 78%]
F.F                                                                      [ 79%]
tests/ui/services/test_command_service.py ..................             [ 81%]
tests/ui/services/test_db_service.py ...............                     [ 82%]
tests/ui/services/test_file_service.py ....................              [ 84%]
tests/ui/test_common.py .FF..FFFFF...........                            [ 86%]
tests/ui/test_web.py .................                                   [ 88%]
tests/ui/test_web_basic.py ...............                               [ 89%]
tests/utils/test_api_utils.py ..........................                 [ 92%]
tests/utils/test_cache.py ...............                                [ 93%]
tests/utils/test_calculate_returns.py ..........                         [ 94%]
tests/utils/test_data_utils.py .................                         [ 96%]
tests/utils/test_db_utils.py ...............                             [ 97%]
tests/utils/test_db_utils_extra.py ........                              [ 98%]
tests/utils/test_file_utils.py ........                                  [ 99%]
tests/utils/test_logging_config.py .......                               [100%]

=================================== FAILURES ===================================
__________________________ TestRateLimiter.test_init ___________________________
tests/fetch/test_daily_quotes.py:42: in test_init
    assert isinstance(limiter.lock, threading.Lock)
           ^^^^^^^^^^^^^^^^^^^^^^^^^^^^^^^^^^^^^^^^
E   TypeError: isinstance() arg 2 must be a type, a tuple of types, or a union
________________ TestNormFunction.test_norm_fill_missing_values ________________
tests/fetch/test_daily_quotes.py:463: in test_norm_fill_missing_values
    assert result.iloc[0]["open"] == 0
E   assert np.float32(nan) == 0
_______________ TestFetchAndLoad.test_fetch_and_load_with_dates ________________
venv/lib/python3.12/site-packages/pandas/core/indexes/base.py:3812: in get_loc
    return self._engine.get_loc(casted_key)
           ^^^^^^^^^^^^^^^^^^^^^^^^^^^^^^^^
pandas/_libs/index.pyx:167: in pandas._libs.index.IndexEngine.get_loc
    ???
pandas/_libs/index.pyx:196: in pandas._libs.index.IndexEngine.get_loc
    ???
pandas/_libs/hashtable_class_helper.pxi:7088: in pandas._libs.hashtable.PyObjectHashTable.get_item
    ???
pandas/_libs/hashtable_class_helper.pxi:7096: in pandas._libs.hashtable.PyObjectHashTable.get_item
    ???
E   KeyError: 'date'

The above exception was the direct cause of the following exception:
tests/fetch/test_daily_quotes.py:568: in test_fetch_and_load_with_dates
    fetch_and_load("2024-01-15", "2024-01-16")
fetch/daily_quotes.py:370: in fetch_and_load
    normalized_dfs = [_norm(df) for df in successful_dfs]
                      ^^^^^^^^^
fetch/daily_quotes.py:299: in _norm
    df["date"] = pd.to_datetime(df["date"], errors="coerce").dt.strftime("%Y-%m-%d")
                                ^^^^^^^^^^
venv/lib/python3.12/site-packages/pandas/core/frame.py:4107: in __getitem__
    indexer = self.columns.get_loc(key)
              ^^^^^^^^^^^^^^^^^^^^^^^^^
venv/lib/python3.12/site-packages/pandas/core/indexes/base.py:3819: in get_loc
    raise KeyError(key) from err
E   KeyError: 'date'
_______________ TestFetchAndLoad.test_fetch_and_load_today_only ________________
venv/lib/python3.12/site-packages/pandas/core/indexes/base.py:3812: in get_loc
    return self._engine.get_loc(casted_key)
           ^^^^^^^^^^^^^^^^^^^^^^^^^^^^^^^^
pandas/_libs/index.pyx:167: in pandas._libs.index.IndexEngine.get_loc
    ???
pandas/_libs/index.pyx:196: in pandas._libs.index.IndexEngine.get_loc
    ???
pandas/_libs/hashtable_class_helper.pxi:7088: in pandas._libs.hashtable.PyObjectHashTable.get_item
    ???
pandas/_libs/hashtable_class_helper.pxi:7096: in pandas._libs.hashtable.PyObjectHashTable.get_item
    ???
E   KeyError: 'date'

The above exception was the direct cause of the following exception:
tests/fetch/test_daily_quotes.py:590: in test_fetch_and_load_today_only
    fetch_and_load(None, None)
fetch/daily_quotes.py:388: in fetch_and_load
    df_today = _norm(_by_date(sess, tok, today))
               ^^^^^^^^^^^^^^^^^^^^^^^^^^^^^^^^^
fetch/daily_quotes.py:299: in _norm
    df["date"] = pd.to_datetime(df["date"], errors="coerce").dt.strftime("%Y-%m-%d")
                                ^^^^^^^^^^
venv/lib/python3.12/site-packages/pandas/core/frame.py:4107: in __getitem__
    indexer = self.columns.get_loc(key)
              ^^^^^^^^^^^^^^^^^^^^^^^^^
venv/lib/python3.12/site-packages/pandas/core/indexes/base.py:3819: in get_loc
    raise KeyError(key) from err
E   KeyError: 'date'
------------------------------ Captured log call -------------------------------
ERROR    daily_quotes:daily_quotes.py:416 予期しないエラー: 'date'
________________ TestHoldingsParser.test_parse_detailed_format _________________
tests/portfolio/csv_parser/parsers/test_holdings_parser.py:67: in test_parse_detailed_format
    assert holding1["code"] == "1234"
E   AssertionError: assert '0001' == '1234'
E
E     - 1234
E     + 0001
----------------------------- Captured stdout call -----------------------------
2025-07-13 11:21:08 - portfolio.csv_parser.utils.converters - WARNING - 数値解析エラー: 2024/01/15
2025-07-13 11:21:08 - portfolio.csv_parser.utils.converters - WARNING - 数値解析エラー: 2024/01/15
2025-07-13 11:21:08 - portfolio.csv_parser.parsers.holdings - INFO - 保有銘柄CSV解析完了（詳細形式）: 2銘柄
------------------------------ Captured log call -------------------------------
WARNING  portfolio.csv_parser.utils.converters:converters.py:96 数値解析エラー: 2024/01/15
WARNING  portfolio.csv_parser.utils.converters:converters.py:96 数値解析エラー: 2024/01/15
INFO     portfolio.csv_parser.parsers.holdings:holdings.py:498 保有銘柄CSV解析完了（詳細形式）: 2銘柄
________________ TestHoldingsParser.test_parse_savefile_format _________________
tests/portfolio/csv_parser/parsers/test_holdings_parser.py:92: in test_parse_savefile_format
    assert len(result) == 2
E   assert 0 == 2
E    +  where 0 = len([])
----------------------------- Captured stdout call -----------------------------
2025-07-13 11:21:08 - portfolio.csv_parser.parsers.holdings - INFO - 保有銘柄CSV解析完了（SaveFile形式）: 0銘柄
------------------------------ Captured log call -------------------------------
INFO     portfolio.csv_parser.parsers.holdings:holdings.py:270 保有銘柄CSV解析完了（SaveFile形式）: 0銘柄
_______________ TestHoldingsParser.test_parse_with_lending_info ________________
tests/portfolio/csv_parser/parsers/test_holdings_parser.py:161: in test_parse_with_lending_info
    assert result[0]["lending_quantity"] == 50
           ^^^^^^^^^^^^^^^^^^^^^^^^^^^^^
E   KeyError: 'lending_quantity'
----------------------------- Captured stdout call -----------------------------
2025-07-13 11:21:08 - portfolio.csv_parser.parsers.holdings - INFO - 保有銘柄CSV解析完了（詳細形式）: 2銘柄
------------------------------ Captured log call -------------------------------
INFO     portfolio.csv_parser.parsers.holdings:holdings.py:498 保有銘柄CSV解析完了（詳細形式）: 2銘柄
____________________ TestHoldingsParser.test_normalize_code ____________________
tests/portfolio/csv_parser/parsers/test_holdings_parser.py:174: in test_normalize_code
    assert result[0]["code"] == "1234"
E   AssertionError: assert '01234' == '1234'
E
E     - 1234
E     + 01234
E     ? +
----------------------------- Captured stdout call -----------------------------
2025-07-13 11:21:08 - portfolio.csv_parser.parsers.holdings - INFO - 保有銘柄CSV解析完了（詳細形式）: 3銘柄
------------------------------ Captured log call -------------------------------
INFO     portfolio.csv_parser.parsers.holdings:holdings.py:498 保有銘柄CSV解析完了（詳細形式）: 3銘柄
______________ TestGetPortfolioSummary.test_get_portfolio_summary ______________
tests/portfolio/test_repository.py:532: in test_get_portfolio_summary
    assert len(result["accounts"]) == 2
E   assert 0 == 2
E    +  where 0 = len([])
___ TestUpdateHoldingsFromCsv.test_update_holdings_from_csv_standard_format ____
tests/portfolio/test_service.py:58: in test_update_holdings_from_csv_standard_format
    assert updated == 1
E   assert 2 == 1
___ TestUpdateHoldingsFromCsv.test_update_holdings_from_csv_savefile_format ____
tests/portfolio/test_service.py:92: in test_update_holdings_from_csv_savefile_format
    assert updated == 0
E   assert 1 == 0
_____ TestUpdateHoldingsFromCsv.test_update_holdings_from_csv_skip_invalid _____
tests/portfolio/test_service.py:117: in test_update_holdings_from_csv_skip_invalid
    assert service.repo.upsert_holding.call_count == 1
E   AssertionError: assert 2 == 1
E    +  where 2 = <MagicMock name='mock.upsert_holding' id='128618913864912'>.call_count
E    +    where <MagicMock name='mock.upsert_holding' id='128618913864912'> = <MagicMock id='128618913859008'>.upsert_holding
E    +      where <MagicMock id='128618913859008'> = <src.portfolio.service.PortfolioService object at 0x74fa6cac0bc0>.repo
----------------------------- Captured stdout call -----------------------------
2025-07-13 11:21:09 - portfolio.service - INFO - SaveFile形式CSVとして処理します
2025-07-13 11:21:09 - portfolio.service - INFO - 保有銘柄更新完了: 更新=2件, 新規=0件
------------------------------ Captured log call -------------------------------
INFO     portfolio.service:service.py:28 SaveFile形式CSVとして処理します
INFO     portfolio.service:service.py:44 保有銘柄更新完了: 更新=2件, 新規=0件
__________ TestRecalculateHoldings.test_recalculate_holdings_buy_only __________
tests/portfolio/test_service.py:190: in test_recalculate_holdings_buy_only
    assert holding.average_price == 1033.33  # 155000 / 150
    ^^^^^^^^^^^^^^^^^^^^^^^^^^^^^^^^^^^^^^^
E   assert 1033.3333333333333 == 1033.33
E    +  where 1033.3333333333333 = <src.portfolio.models.holding.Holding object at 0x74fa6cc695e0>.average_price
_________ TestAggregateHoldingsByCode.test_aggregate_holdings_by_code __________
tests/portfolio/test_service.py:542: in test_aggregate_holdings_by_code
    assert result[0]["code"] == "5678"
E   AssertionError: assert '1234' == '5678'
E
E     - 5678
E     + 1234
________ TestCreateHoldingFromCsvData.test_create_holding_invalid_data _________
tests/portfolio/test_service.py:710: in test_create_holding_invalid_data
    assert (
E   AssertionError: assert <src.portfolio.models.holding.Holding object at 0x74fa6cc65460> is None
E    +  where <src.portfolio.models.holding.Holding object at 0x74fa6cc65460> = _create_holding_from_csv_data(123, {'quantity': 100}, '特定口座', True)
E    +    where _create_holding_from_csv_data = <src.portfolio.service.PortfolioService object at 0x74fa6cc65190>._create_holding_from_csv_data
_______ TestPortfolioServiceIntegration.test_csv_import_and_update_flow ________
tests/portfolio/test_service.py:761: in test_csv_import_and_update_flow
    assert new == 1
E   assert 0 == 1
____ TestCreateSectorCompositionChart.test_create_sector_composition_chart _____
tests/portfolio/visualizers/test_composition.py:221: in test_create_sector_composition_chart
    assert len(fig.data[0].labels) == 3
E   AssertionError: assert 2 == 3
E    +  where 2 = len(array(['情報通信', '電気機器'], dtype=object))
E    +    where array(['情報通信', '電気機器'], dtype=object) = Pie({\n    'hole': 0.3,\n    'labels': array(['情報通信', '電気機器'], dtype=object),\n    'marker': {'colors': [rgb(141,211,199)... 'text': [60.0%, 32.0%],\n    'textinfo': 'text',\n    'textposition': 'inside',\n    'values': array([150000,  80000])\n}).labels
____ TestCreateMarketCompositionChart.test_create_market_composition_chart _____
tests/portfolio/visualizers/test_composition.py:262: in test_create_market_composition_chart
    assert len(fig.data[0].labels) == 3
E   AssertionError: assert 2 == 3
E    +  where 2 = len(array(['東証プライム', '東証グロース'], dtype=object))
E    +    where array(['東証プライム', '東証グロース'], dtype=object) = Pie({\n    'hole': 0.3,\n    'labels': array(['東証プライム', '東証グロース'], dtype=object),\n    'marker': {'colors': [rgb(127, 60,... 'text': [60.0%, 32.0%],\n    'textinfo': 'text',\n    'textposition': 'inside',\n    'values': array([150000,  80000])\n}).labels
_ TestCompositionVisualizerIntegration.test_visualizer_with_empty_company_names _
tests/portfolio/visualizers/test_composition.py:436: in test_visualizer_with_empty_company_names
    assert len(fig.data[0].labels) == 2
E   AssertionError: assert 1 == 2
E    +  where 1 = len(('1234 会社A',))
E    +    where ('1234 会社A',) = Pie({\n    'hole': 0.3,\n    'labels': [1234 会社A],\n    'marker': {'line': {'color': 'white', 'width': 2}},\n    'text': [55.6%],\n    'textinfo': 'text',\n    'textposition': 'inside',\n    'values': array([100000])\n}).labels
_________ TestBacktestFundamental.test_backtest_fundamental_all_params _________
/usr/lib/python3.12/unittest/mock.py:1387: in patched
    with self.decoration_helper(patched,
/usr/lib/python3.12/contextlib.py:137: in __enter__
    return next(self.gen)
           ^^^^^^^^^^^^^^
/usr/lib/python3.12/unittest/mock.py:1369: in decoration_helper
    arg = exit_stack.enter_context(patching)
          ^^^^^^^^^^^^^^^^^^^^^^^^^^^^^^^^^^
/usr/lib/python3.12/contextlib.py:526: in enter_context
    result = _enter(cm)
             ^^^^^^^^^^
/usr/lib/python3.12/unittest/mock.py:1458: in __enter__
    original, local = self.get_original()
                      ^^^^^^^^^^^^^^^^^^^
/usr/lib/python3.12/unittest/mock.py:1431: in get_original
    raise AttributeError(
E   AttributeError: <module 'src.auth.decorators' from '/home/tkimura/dev/swing/src/auth/decorators.py'> does not have the attribute 'get_current_user'
_______ TestBacktestFundamental.test_backtest_fundamental_minimal_params _______
/usr/lib/python3.12/unittest/mock.py:1387: in patched
    with self.decoration_helper(patched,
/usr/lib/python3.12/contextlib.py:137: in __enter__
    return next(self.gen)
           ^^^^^^^^^^^^^^
/usr/lib/python3.12/unittest/mock.py:1369: in decoration_helper
    arg = exit_stack.enter_context(patching)
          ^^^^^^^^^^^^^^^^^^^^^^^^^^^^^^^^^^
/usr/lib/python3.12/contextlib.py:526: in enter_context
    result = _enter(cm)
             ^^^^^^^^^^
/usr/lib/python3.12/unittest/mock.py:1458: in __enter__
    original, local = self.get_original()
                      ^^^^^^^^^^^^^^^^^^^
/usr/lib/python3.12/unittest/mock.py:1431: in get_original
    raise AttributeError(
E   AttributeError: <module 'src.auth.decorators' from '/home/tkimura/dev/swing/src/auth/decorators.py'> does not have the attribute 'get_current_user'
__________ TestBacktestFundamental.test_backtest_fundamental_failure ___________
/usr/lib/python3.12/unittest/mock.py:1387: in patched
    with self.decoration_helper(patched,
/usr/lib/python3.12/contextlib.py:137: in __enter__
    return next(self.gen)
           ^^^^^^^^^^^^^^
/usr/lib/python3.12/unittest/mock.py:1369: in decoration_helper
    arg = exit_stack.enter_context(patching)
          ^^^^^^^^^^^^^^^^^^^^^^^^^^^^^^^^^^
/usr/lib/python3.12/contextlib.py:526: in enter_context
    result = _enter(cm)
             ^^^^^^^^^^
/usr/lib/python3.12/unittest/mock.py:1458: in __enter__
    original, local = self.get_original()
                      ^^^^^^^^^^^^^^^^^^^
/usr/lib/python3.12/unittest/mock.py:1431: in get_original
    raise AttributeError(
E   AttributeError: <module 'src.auth.decorators' from '/home/tkimura/dev/swing/src/auth/decorators.py'> does not have the attribute 'get_current_user'
_______ TestBacktestFundamental.test_backtest_fundamental_not_logged_in ________
/usr/lib/python3.12/unittest/mock.py:1387: in patched
    with self.decoration_helper(patched,
/usr/lib/python3.12/contextlib.py:137: in __enter__
    return next(self.gen)
           ^^^^^^^^^^^^^^
/usr/lib/python3.12/unittest/mock.py:1369: in decoration_helper
    arg = exit_stack.enter_context(patching)
          ^^^^^^^^^^^^^^^^^^^^^^^^^^^^^^^^^^
/usr/lib/python3.12/contextlib.py:526: in enter_context
    result = _enter(cm)
             ^^^^^^^^^^
/usr/lib/python3.12/unittest/mock.py:1458: in __enter__
    original, local = self.get_original()
                      ^^^^^^^^^^^^^^^^^^^
/usr/lib/python3.12/unittest/mock.py:1431: in get_original
    raise AttributeError(
E   AttributeError: <module 'src.auth.decorators' from '/home/tkimura/dev/swing/src/auth/decorators.py'> does not have the attribute 'get_current_user'
_________ TestBacktestFundamental.test_backtest_fundamental_not_admin __________
/usr/lib/python3.12/unittest/mock.py:1387: in patched
    with self.decoration_helper(patched,
/usr/lib/python3.12/contextlib.py:137: in __enter__
    return next(self.gen)
           ^^^^^^^^^^^^^^
/usr/lib/python3.12/unittest/mock.py:1369: in decoration_helper
    arg = exit_stack.enter_context(patching)
          ^^^^^^^^^^^^^^^^^^^^^^^^^^^^^^^^^^
/usr/lib/python3.12/contextlib.py:526: in enter_context
    result = _enter(cm)
             ^^^^^^^^^^
/usr/lib/python3.12/unittest/mock.py:1458: in __enter__
    original, local = self.get_original()
                      ^^^^^^^^^^^^^^^^^^^
/usr/lib/python3.12/unittest/mock.py:1431: in get_original
    raise AttributeError(
E   AttributeError: <module 'src.auth.decorators' from '/home/tkimura/dev/swing/src/auth/decorators.py'> does not have the attribute 'get_current_user'
___________ TestBacktestTechnical.test_backtest_technical_all_params ___________
/usr/lib/python3.12/unittest/mock.py:1387: in patched
    with self.decoration_helper(patched,
/usr/lib/python3.12/contextlib.py:137: in __enter__
    return next(self.gen)
           ^^^^^^^^^^^^^^
/usr/lib/python3.12/unittest/mock.py:1369: in decoration_helper
    arg = exit_stack.enter_context(patching)
          ^^^^^^^^^^^^^^^^^^^^^^^^^^^^^^^^^^
/usr/lib/python3.12/contextlib.py:526: in enter_context
    result = _enter(cm)
             ^^^^^^^^^^
/usr/lib/python3.12/unittest/mock.py:1458: in __enter__
    original, local = self.get_original()
                      ^^^^^^^^^^^^^^^^^^^
/usr/lib/python3.12/unittest/mock.py:1431: in get_original
    raise AttributeError(
E   AttributeError: <module 'src.auth.decorators' from '/home/tkimura/dev/swing/src/auth/decorators.py'> does not have the attribute 'get_current_user'
________ TestBacktestTechnical.test_backtest_technical_stop_loss_param _________
/usr/lib/python3.12/unittest/mock.py:1387: in patched
    with self.decoration_helper(patched,
/usr/lib/python3.12/contextlib.py:137: in __enter__
    return next(self.gen)
           ^^^^^^^^^^^^^^
/usr/lib/python3.12/unittest/mock.py:1369: in decoration_helper
    arg = exit_stack.enter_context(patching)
          ^^^^^^^^^^^^^^^^^^^^^^^^^^^^^^^^^^
/usr/lib/python3.12/contextlib.py:526: in enter_context
    result = _enter(cm)
             ^^^^^^^^^^
/usr/lib/python3.12/unittest/mock.py:1458: in __enter__
    original, local = self.get_original()
                      ^^^^^^^^^^^^^^^^^^^
/usr/lib/python3.12/unittest/mock.py:1431: in get_original
    raise AttributeError(
E   AttributeError: <module 'src.auth.decorators' from '/home/tkimura/dev/swing/src/auth/decorators.py'> does not have the attribute 'get_current_user'
__________ TestBacktestTechnical.test_backtest_technical_empty_params __________
/usr/lib/python3.12/unittest/mock.py:1387: in patched
    with self.decoration_helper(patched,
/usr/lib/python3.12/contextlib.py:137: in __enter__
    return next(self.gen)
           ^^^^^^^^^^^^^^
/usr/lib/python3.12/unittest/mock.py:1369: in decoration_helper
    arg = exit_stack.enter_context(patching)
          ^^^^^^^^^^^^^^^^^^^^^^^^^^^^^^^^^^
/usr/lib/python3.12/contextlib.py:526: in enter_context
    result = _enter(cm)
             ^^^^^^^^^^
/usr/lib/python3.12/unittest/mock.py:1458: in __enter__
    original, local = self.get_original()
                      ^^^^^^^^^^^^^^^^^^^
/usr/lib/python3.12/unittest/mock.py:1431: in get_original
    raise AttributeError(
E   AttributeError: <module 'src.auth.decorators' from '/home/tkimura/dev/swing/src/auth/decorators.py'> does not have the attribute 'get_current_user'
__________________ TestBacktestMl.test_backtest_ml_all_params __________________
/usr/lib/python3.12/unittest/mock.py:1387: in patched
    with self.decoration_helper(patched,
/usr/lib/python3.12/contextlib.py:137: in __enter__
    return next(self.gen)
           ^^^^^^^^^^^^^^
/usr/lib/python3.12/unittest/mock.py:1369: in decoration_helper
    arg = exit_stack.enter_context(patching)
          ^^^^^^^^^^^^^^^^^^^^^^^^^^^^^^^^^^
/usr/lib/python3.12/contextlib.py:526: in enter_context
    result = _enter(cm)
             ^^^^^^^^^^
/usr/lib/python3.12/unittest/mock.py:1458: in __enter__
    original, local = self.get_original()
                      ^^^^^^^^^^^^^^^^^^^
/usr/lib/python3.12/unittest/mock.py:1431: in get_original
    raise AttributeError(
E   AttributeError: <module 'src.auth.decorators' from '/home/tkimura/dev/swing/src/auth/decorators.py'> does not have the attribute 'get_current_user'
________________ TestBacktestMl.test_backtest_ml_top_param_only ________________
/usr/lib/python3.12/unittest/mock.py:1387: in patched
    with self.decoration_helper(patched,
/usr/lib/python3.12/contextlib.py:137: in __enter__
    return next(self.gen)
           ^^^^^^^^^^^^^^
/usr/lib/python3.12/unittest/mock.py:1369: in decoration_helper
    arg = exit_stack.enter_context(patching)
          ^^^^^^^^^^^^^^^^^^^^^^^^^^^^^^^^^^
/usr/lib/python3.12/contextlib.py:526: in enter_context
    result = _enter(cm)
             ^^^^^^^^^^
/usr/lib/python3.12/unittest/mock.py:1458: in __enter__
    original, local = self.get_original()
                      ^^^^^^^^^^^^^^^^^^^
/usr/lib/python3.12/unittest/mock.py:1431: in get_original
    raise AttributeError(
E   AttributeError: <module 'src.auth.decorators' from '/home/tkimura/dev/swing/src/auth/decorators.py'> does not have the attribute 'get_current_user'
_____________ TestBacktestIntegration.test_all_backtest_endpoints ______________
/usr/lib/python3.12/unittest/mock.py:1387: in patched
    with self.decoration_helper(patched,
/usr/lib/python3.12/contextlib.py:137: in __enter__
    return next(self.gen)
           ^^^^^^^^^^^^^^
/usr/lib/python3.12/unittest/mock.py:1369: in decoration_helper
    arg = exit_stack.enter_context(patching)
          ^^^^^^^^^^^^^^^^^^^^^^^^^^^^^^^^^^
/usr/lib/python3.12/contextlib.py:526: in enter_context
    result = _enter(cm)
             ^^^^^^^^^^
/usr/lib/python3.12/unittest/mock.py:1458: in __enter__
    original, local = self.get_original()
                      ^^^^^^^^^^^^^^^^^^^
/usr/lib/python3.12/unittest/mock.py:1431: in get_original
    raise AttributeError(
E   AttributeError: <module 'src.auth.decorators' from '/home/tkimura/dev/swing/src/auth/decorators.py'> does not have the attribute 'get_current_user'
__________ TestBacktestIntegration.test_command_injection_prevention ___________
/usr/lib/python3.12/unittest/mock.py:1387: in patched
    with self.decoration_helper(patched,
/usr/lib/python3.12/contextlib.py:137: in __enter__
    return next(self.gen)
           ^^^^^^^^^^^^^^
/usr/lib/python3.12/unittest/mock.py:1369: in decoration_helper
    arg = exit_stack.enter_context(patching)
          ^^^^^^^^^^^^^^^^^^^^^^^^^^^^^^^^^^
/usr/lib/python3.12/contextlib.py:526: in enter_context
    result = _enter(cm)
             ^^^^^^^^^^
/usr/lib/python3.12/unittest/mock.py:1458: in __enter__
    original, local = self.get_original()
                      ^^^^^^^^^^^^^^^^^^^
/usr/lib/python3.12/unittest/mock.py:1431: in get_original
    raise AttributeError(
E   AttributeError: <module 'src.auth.decorators' from '/home/tkimura/dev/swing/src/auth/decorators.py'> does not have the attribute 'get_current_user'
_________________ TestFetchQuotes.test_fetch_quotes_with_dates _________________
/usr/lib/python3.12/unittest/mock.py:1387: in patched
    with self.decoration_helper(patched,
/usr/lib/python3.12/contextlib.py:137: in __enter__
    return next(self.gen)
           ^^^^^^^^^^^^^^
/usr/lib/python3.12/unittest/mock.py:1369: in decoration_helper
    arg = exit_stack.enter_context(patching)
          ^^^^^^^^^^^^^^^^^^^^^^^^^^^^^^^^^^
/usr/lib/python3.12/contextlib.py:526: in enter_context
    result = _enter(cm)
             ^^^^^^^^^^
/usr/lib/python3.12/unittest/mock.py:1458: in __enter__
    original, local = self.get_original()
                      ^^^^^^^^^^^^^^^^^^^
/usr/lib/python3.12/unittest/mock.py:1431: in get_original
    raise AttributeError(
E   AttributeError: <module 'src.auth.decorators' from '/home/tkimura/dev/swing/src/auth/decorators.py'> does not have the attribute 'get_current_user'
__________________ TestFetchQuotes.test_fetch_quotes_no_dates __________________
/usr/lib/python3.12/unittest/mock.py:1387: in patched
    with self.decoration_helper(patched,
/usr/lib/python3.12/contextlib.py:137: in __enter__
    return next(self.gen)
           ^^^^^^^^^^^^^^
/usr/lib/python3.12/unittest/mock.py:1369: in decoration_helper
    arg = exit_stack.enter_context(patching)
          ^^^^^^^^^^^^^^^^^^^^^^^^^^^^^^^^^^
/usr/lib/python3.12/contextlib.py:526: in enter_context
    result = _enter(cm)
             ^^^^^^^^^^
/usr/lib/python3.12/unittest/mock.py:1458: in __enter__
    original, local = self.get_original()
                      ^^^^^^^^^^^^^^^^^^^
/usr/lib/python3.12/unittest/mock.py:1431: in get_original
    raise AttributeError(
E   AttributeError: <module 'src.auth.decorators' from '/home/tkimura/dev/swing/src/auth/decorators.py'> does not have the attribute 'get_current_user'
__________________ TestFetchQuotes.test_fetch_quotes_failure ___________________
/usr/lib/python3.12/unittest/mock.py:1387: in patched
    with self.decoration_helper(patched,
/usr/lib/python3.12/contextlib.py:137: in __enter__
    return next(self.gen)
           ^^^^^^^^^^^^^^
/usr/lib/python3.12/unittest/mock.py:1369: in decoration_helper
    arg = exit_stack.enter_context(patching)
          ^^^^^^^^^^^^^^^^^^^^^^^^^^^^^^^^^^
/usr/lib/python3.12/contextlib.py:526: in enter_context
    result = _enter(cm)
             ^^^^^^^^^^
/usr/lib/python3.12/unittest/mock.py:1458: in __enter__
    original, local = self.get_original()
                      ^^^^^^^^^^^^^^^^^^^
/usr/lib/python3.12/unittest/mock.py:1431: in get_original
    raise AttributeError(
E   AttributeError: <module 'src.auth.decorators' from '/home/tkimura/dev/swing/src/auth/decorators.py'> does not have the attribute 'get_current_user'
_________________ TestFetchQuotes.test_fetch_quotes_exception __________________
/usr/lib/python3.12/unittest/mock.py:1387: in patched
    with self.decoration_helper(patched,
/usr/lib/python3.12/contextlib.py:137: in __enter__
    return next(self.gen)
           ^^^^^^^^^^^^^^
/usr/lib/python3.12/unittest/mock.py:1369: in decoration_helper
    arg = exit_stack.enter_context(patching)
          ^^^^^^^^^^^^^^^^^^^^^^^^^^^^^^^^^^
/usr/lib/python3.12/contextlib.py:526: in enter_context
    result = _enter(cm)
             ^^^^^^^^^^
/usr/lib/python3.12/unittest/mock.py:1458: in __enter__
    original, local = self.get_original()
                      ^^^^^^^^^^^^^^^^^^^
/usr/lib/python3.12/unittest/mock.py:1431: in get_original
    raise AttributeError(
E   AttributeError: <module 'src.auth.decorators' from '/home/tkimura/dev/swing/src/auth/decorators.py'> does not have the attribute 'get_current_user'
_______________ TestFetchQuotes.test_fetch_quotes_not_logged_in ________________
/usr/lib/python3.12/unittest/mock.py:1387: in patched
    with self.decoration_helper(patched,
/usr/lib/python3.12/contextlib.py:137: in __enter__
    return next(self.gen)
           ^^^^^^^^^^^^^^
/usr/lib/python3.12/unittest/mock.py:1369: in decoration_helper
    arg = exit_stack.enter_context(patching)
          ^^^^^^^^^^^^^^^^^^^^^^^^^^^^^^^^^^
/usr/lib/python3.12/contextlib.py:526: in enter_context
    result = _enter(cm)
             ^^^^^^^^^^
/usr/lib/python3.12/unittest/mock.py:1458: in __enter__
    original, local = self.get_original()
                      ^^^^^^^^^^^^^^^^^^^
/usr/lib/python3.12/unittest/mock.py:1431: in get_original
    raise AttributeError(
E   AttributeError: <module 'src.auth.decorators' from '/home/tkimura/dev/swing/src/auth/decorators.py'> does not have the attribute 'get_current_user'
_________________ TestFetchQuotes.test_fetch_quotes_not_admin __________________
/usr/lib/python3.12/unittest/mock.py:1387: in patched
    with self.decoration_helper(patched,
/usr/lib/python3.12/contextlib.py:137: in __enter__
    return next(self.gen)
           ^^^^^^^^^^^^^^
/usr/lib/python3.12/unittest/mock.py:1369: in decoration_helper
    arg = exit_stack.enter_context(patching)
          ^^^^^^^^^^^^^^^^^^^^^^^^^^^^^^^^^^
/usr/lib/python3.12/contextlib.py:526: in enter_context
    result = _enter(cm)
             ^^^^^^^^^^
/usr/lib/python3.12/unittest/mock.py:1458: in __enter__
    original, local = self.get_original()
                      ^^^^^^^^^^^^^^^^^^^
/usr/lib/python3.12/unittest/mock.py:1431: in get_original
    raise AttributeError(
E   AttributeError: <module 'src.auth.decorators' from '/home/tkimura/dev/swing/src/auth/decorators.py'> does not have the attribute 'get_current_user'
__________________ TestFetchListed.test_fetch_listed_success ___________________
/usr/lib/python3.12/unittest/mock.py:1387: in patched
    with self.decoration_helper(patched,
/usr/lib/python3.12/contextlib.py:137: in __enter__
    return next(self.gen)
           ^^^^^^^^^^^^^^
/usr/lib/python3.12/unittest/mock.py:1369: in decoration_helper
    arg = exit_stack.enter_context(patching)
          ^^^^^^^^^^^^^^^^^^^^^^^^^^^^^^^^^^
/usr/lib/python3.12/contextlib.py:526: in enter_context
    result = _enter(cm)
             ^^^^^^^^^^
/usr/lib/python3.12/unittest/mock.py:1458: in __enter__
    original, local = self.get_original()
                      ^^^^^^^^^^^^^^^^^^^
/usr/lib/python3.12/unittest/mock.py:1431: in get_original
    raise AttributeError(
E   AttributeError: <module 'src.auth.decorators' from '/home/tkimura/dev/swing/src/auth/decorators.py'> does not have the attribute 'get_current_user'
__________________ TestFetchListed.test_fetch_listed_failure ___________________
/usr/lib/python3.12/unittest/mock.py:1387: in patched
    with self.decoration_helper(patched,
/usr/lib/python3.12/contextlib.py:137: in __enter__
    return next(self.gen)
           ^^^^^^^^^^^^^^
/usr/lib/python3.12/unittest/mock.py:1369: in decoration_helper
    arg = exit_stack.enter_context(patching)
          ^^^^^^^^^^^^^^^^^^^^^^^^^^^^^^^^^^
/usr/lib/python3.12/contextlib.py:526: in enter_context
    result = _enter(cm)
             ^^^^^^^^^^
/usr/lib/python3.12/unittest/mock.py:1458: in __enter__
    original, local = self.get_original()
                      ^^^^^^^^^^^^^^^^^^^
/usr/lib/python3.12/unittest/mock.py:1431: in get_original
    raise AttributeError(
E   AttributeError: <module 'src.auth.decorators' from '/home/tkimura/dev/swing/src/auth/decorators.py'> does not have the attribute 'get_current_user'
_________________ TestFetchListed.test_fetch_listed_exception __________________
/usr/lib/python3.12/unittest/mock.py:1387: in patched
    with self.decoration_helper(patched,
/usr/lib/python3.12/contextlib.py:137: in __enter__
    return next(self.gen)
           ^^^^^^^^^^^^^^
/usr/lib/python3.12/unittest/mock.py:1369: in decoration_helper
    arg = exit_stack.enter_context(patching)
          ^^^^^^^^^^^^^^^^^^^^^^^^^^^^^^^^^^
/usr/lib/python3.12/contextlib.py:526: in enter_context
    result = _enter(cm)
             ^^^^^^^^^^
/usr/lib/python3.12/unittest/mock.py:1458: in __enter__
    original, local = self.get_original()
                      ^^^^^^^^^^^^^^^^^^^
/usr/lib/python3.12/unittest/mock.py:1431: in get_original
    raise AttributeError(
E   AttributeError: <module 'src.auth.decorators' from '/home/tkimura/dev/swing/src/auth/decorators.py'> does not have the attribute 'get_current_user'
_____________ TestFetchStatements.test_fetch_statements_all_params _____________
/usr/lib/python3.12/unittest/mock.py:1387: in patched
    with self.decoration_helper(patched,
/usr/lib/python3.12/contextlib.py:137: in __enter__
    return next(self.gen)
           ^^^^^^^^^^^^^^
/usr/lib/python3.12/unittest/mock.py:1369: in decoration_helper
    arg = exit_stack.enter_context(patching)
          ^^^^^^^^^^^^^^^^^^^^^^^^^^^^^^^^^^
/usr/lib/python3.12/contextlib.py:526: in enter_context
    result = _enter(cm)
             ^^^^^^^^^^
/usr/lib/python3.12/unittest/mock.py:1458: in __enter__
    original, local = self.get_original()
                      ^^^^^^^^^^^^^^^^^^^
/usr/lib/python3.12/unittest/mock.py:1431: in get_original
    raise AttributeError(
E   AttributeError: <module 'src.auth.decorators' from '/home/tkimura/dev/swing/src/auth/decorators.py'> does not have the attribute 'get_current_user'
____________ TestFetchStatements.test_fetch_statements_default_mode ____________
/usr/lib/python3.12/unittest/mock.py:1387: in patched
    with self.decoration_helper(patched,
/usr/lib/python3.12/contextlib.py:137: in __enter__
    return next(self.gen)
           ^^^^^^^^^^^^^^
/usr/lib/python3.12/unittest/mock.py:1369: in decoration_helper
    arg = exit_stack.enter_context(patching)
          ^^^^^^^^^^^^^^^^^^^^^^^^^^^^^^^^^^
/usr/lib/python3.12/contextlib.py:526: in enter_context
    result = _enter(cm)
             ^^^^^^^^^^
/usr/lib/python3.12/unittest/mock.py:1458: in __enter__
    original, local = self.get_original()
                      ^^^^^^^^^^^^^^^^^^^
/usr/lib/python3.12/unittest/mock.py:1431: in get_original
    raise AttributeError(
E   AttributeError: <module 'src.auth.decorators' from '/home/tkimura/dev/swing/src/auth/decorators.py'> does not have the attribute 'get_current_user'
___________ TestFetchStatements.test_fetch_statements_various_modes ____________
/usr/lib/python3.12/unittest/mock.py:1387: in patched
    with self.decoration_helper(patched,
/usr/lib/python3.12/contextlib.py:137: in __enter__
    return next(self.gen)
           ^^^^^^^^^^^^^^
/usr/lib/python3.12/unittest/mock.py:1369: in decoration_helper
    arg = exit_stack.enter_context(patching)
          ^^^^^^^^^^^^^^^^^^^^^^^^^^^^^^^^^^
/usr/lib/python3.12/contextlib.py:526: in enter_context
    result = _enter(cm)
             ^^^^^^^^^^
/usr/lib/python3.12/unittest/mock.py:1458: in __enter__
    original, local = self.get_original()
                      ^^^^^^^^^^^^^^^^^^^
/usr/lib/python3.12/unittest/mock.py:1431: in get_original
    raise AttributeError(
E   AttributeError: <module 'src.auth.decorators' from '/home/tkimura/dev/swing/src/auth/decorators.py'> does not have the attribute 'get_current_user'
______________ TestFetchStatements.test_fetch_statements_failure _______________
/usr/lib/python3.12/unittest/mock.py:1387: in patched
    with self.decoration_helper(patched,
/usr/lib/python3.12/contextlib.py:137: in __enter__
    return next(self.gen)
           ^^^^^^^^^^^^^^
/usr/lib/python3.12/unittest/mock.py:1369: in decoration_helper
    arg = exit_stack.enter_context(patching)
          ^^^^^^^^^^^^^^^^^^^^^^^^^^^^^^^^^^
/usr/lib/python3.12/contextlib.py:526: in enter_context
    result = _enter(cm)
             ^^^^^^^^^^
/usr/lib/python3.12/unittest/mock.py:1458: in __enter__
    original, local = self.get_original()
                      ^^^^^^^^^^^^^^^^^^^
/usr/lib/python3.12/unittest/mock.py:1431: in get_original
    raise AttributeError(
E   AttributeError: <module 'src.auth.decorators' from '/home/tkimura/dev/swing/src/auth/decorators.py'> does not have the attribute 'get_current_user'
________________ TestFetchIntegration.test_all_fetch_endpoints _________________
/usr/lib/python3.12/unittest/mock.py:1387: in patched
    with self.decoration_helper(patched,
/usr/lib/python3.12/contextlib.py:137: in __enter__
    return next(self.gen)
           ^^^^^^^^^^^^^^
/usr/lib/python3.12/unittest/mock.py:1369: in decoration_helper
    arg = exit_stack.enter_context(patching)
          ^^^^^^^^^^^^^^^^^^^^^^^^^^^^^^^^^^
/usr/lib/python3.12/contextlib.py:526: in enter_context
    result = _enter(cm)
             ^^^^^^^^^^
/usr/lib/python3.12/unittest/mock.py:1458: in __enter__
    original, local = self.get_original()
                      ^^^^^^^^^^^^^^^^^^^
/usr/lib/python3.12/unittest/mock.py:1431: in get_original
    raise AttributeError(
E   AttributeError: <module 'src.auth.decorators' from '/home/tkimura/dev/swing/src/auth/decorators.py'> does not have the attribute 'get_current_user'
___________________ TestFetchIntegration.test_console_output ___________________
/usr/lib/python3.12/unittest/mock.py:1387: in patched
    with self.decoration_helper(patched,
/usr/lib/python3.12/contextlib.py:137: in __enter__
    return next(self.gen)
           ^^^^^^^^^^^^^^
/usr/lib/python3.12/unittest/mock.py:1369: in decoration_helper
    arg = exit_stack.enter_context(patching)
          ^^^^^^^^^^^^^^^^^^^^^^^^^^^^^^^^^^
/usr/lib/python3.12/contextlib.py:526: in enter_context
    result = _enter(cm)
             ^^^^^^^^^^
/usr/lib/python3.12/unittest/mock.py:1458: in __enter__
    original, local = self.get_original()
                      ^^^^^^^^^^^^^^^^^^^
/usr/lib/python3.12/unittest/mock.py:1431: in get_original
    raise AttributeError(
E   AttributeError: <module 'src.auth.decorators' from '/home/tkimura/dev/swing/src/auth/decorators.py'> does not have the attribute 'get_current_user'
_________________ TestFetchIntegration.test_empty_json_values __________________
/usr/lib/python3.12/unittest/mock.py:1387: in patched
    with self.decoration_helper(patched,
/usr/lib/python3.12/contextlib.py:137: in __enter__
    return next(self.gen)
           ^^^^^^^^^^^^^^
/usr/lib/python3.12/unittest/mock.py:1369: in decoration_helper
    arg = exit_stack.enter_context(patching)
          ^^^^^^^^^^^^^^^^^^^^^^^^^^^^^^^^^^
/usr/lib/python3.12/contextlib.py:526: in enter_context
    result = _enter(cm)
             ^^^^^^^^^^
/usr/lib/python3.12/unittest/mock.py:1458: in __enter__
    original, local = self.get_original()
                      ^^^^^^^^^^^^^^^^^^^
/usr/lib/python3.12/unittest/mock.py:1431: in get_original
    raise AttributeError(
E   AttributeError: <module 'src.auth.decorators' from '/home/tkimura/dev/swing/src/auth/decorators.py'> does not have the attribute 'get_current_user'
___________________ TestGetHoldings.test_get_holdings_normal ___________________
/usr/lib/python3.12/unittest/mock.py:1387: in patched
    with self.decoration_helper(patched,
/usr/lib/python3.12/contextlib.py:137: in __enter__
    return next(self.gen)
           ^^^^^^^^^^^^^^
/usr/lib/python3.12/unittest/mock.py:1369: in decoration_helper
    arg = exit_stack.enter_context(patching)
          ^^^^^^^^^^^^^^^^^^^^^^^^^^^^^^^^^^
/usr/lib/python3.12/contextlib.py:526: in enter_context
    result = _enter(cm)
             ^^^^^^^^^^
/usr/lib/python3.12/unittest/mock.py:1458: in __enter__
    original, local = self.get_original()
                      ^^^^^^^^^^^^^^^^^^^
/usr/lib/python3.12/unittest/mock.py:1431: in get_original
    raise AttributeError(
E   AttributeError: <module 'src.auth.decorators' from '/home/tkimura/dev/swing/src/auth/decorators.py'> does not have the attribute 'get_current_user'
_________________ TestGetHoldings.test_get_holdings_aggregate __________________
/usr/lib/python3.12/unittest/mock.py:1387: in patched
    with self.decoration_helper(patched,
/usr/lib/python3.12/contextlib.py:137: in __enter__
    return next(self.gen)
           ^^^^^^^^^^^^^^
/usr/lib/python3.12/unittest/mock.py:1369: in decoration_helper
    arg = exit_stack.enter_context(patching)
          ^^^^^^^^^^^^^^^^^^^^^^^^^^^^^^^^^^
/usr/lib/python3.12/contextlib.py:526: in enter_context
    result = _enter(cm)
             ^^^^^^^^^^
/usr/lib/python3.12/unittest/mock.py:1458: in __enter__
    original, local = self.get_original()
                      ^^^^^^^^^^^^^^^^^^^
/usr/lib/python3.12/unittest/mock.py:1431: in get_original
    raise AttributeError(
E   AttributeError: <module 'src.auth.decorators' from '/home/tkimura/dev/swing/src/auth/decorators.py'> does not have the attribute 'get_current_user'
_________________ TestGetHoldings.test_get_holdings_exception __________________
/usr/lib/python3.12/unittest/mock.py:1387: in patched
    with self.decoration_helper(patched,
/usr/lib/python3.12/contextlib.py:137: in __enter__
    return next(self.gen)
           ^^^^^^^^^^^^^^
/usr/lib/python3.12/unittest/mock.py:1369: in decoration_helper
    arg = exit_stack.enter_context(patching)
          ^^^^^^^^^^^^^^^^^^^^^^^^^^^^^^^^^^
/usr/lib/python3.12/contextlib.py:526: in enter_context
    result = _enter(cm)
             ^^^^^^^^^^
/usr/lib/python3.12/unittest/mock.py:1458: in __enter__
    original, local = self.get_original()
                      ^^^^^^^^^^^^^^^^^^^
/usr/lib/python3.12/unittest/mock.py:1431: in get_original
    raise AttributeError(
E   AttributeError: <module 'src.auth.decorators' from '/home/tkimura/dev/swing/src/auth/decorators.py'> does not have the attribute 'get_current_user'
_______________ TestGetHoldings.test_get_holdings_not_logged_in ________________
/usr/lib/python3.12/unittest/mock.py:1387: in patched
    with self.decoration_helper(patched,
/usr/lib/python3.12/contextlib.py:137: in __enter__
    return next(self.gen)
           ^^^^^^^^^^^^^^
/usr/lib/python3.12/unittest/mock.py:1369: in decoration_helper
    arg = exit_stack.enter_context(patching)
          ^^^^^^^^^^^^^^^^^^^^^^^^^^^^^^^^^^
/usr/lib/python3.12/contextlib.py:526: in enter_context
    result = _enter(cm)
             ^^^^^^^^^^
/usr/lib/python3.12/unittest/mock.py:1458: in __enter__
    original, local = self.get_original()
                      ^^^^^^^^^^^^^^^^^^^
/usr/lib/python3.12/unittest/mock.py:1431: in get_original
    raise AttributeError(
E   AttributeError: <module 'src.auth.decorators' from '/home/tkimura/dev/swing/src/auth/decorators.py'> does not have the attribute 'get_current_user'
_________________ TestUploadSbiCsv.test_upload_sbi_csv_success _________________
/usr/lib/python3.12/unittest/mock.py:1387: in patched
    with self.decoration_helper(patched,
/usr/lib/python3.12/contextlib.py:137: in __enter__
    return next(self.gen)
           ^^^^^^^^^^^^^^
/usr/lib/python3.12/unittest/mock.py:1369: in decoration_helper
    arg = exit_stack.enter_context(patching)
          ^^^^^^^^^^^^^^^^^^^^^^^^^^^^^^^^^^
/usr/lib/python3.12/contextlib.py:526: in enter_context
    result = _enter(cm)
             ^^^^^^^^^^
/usr/lib/python3.12/unittest/mock.py:1458: in __enter__
    original, local = self.get_original()
                      ^^^^^^^^^^^^^^^^^^^
/usr/lib/python3.12/unittest/mock.py:1431: in get_original
    raise AttributeError(
E   AttributeError: <module 'src.auth.decorators' from '/home/tkimura/dev/swing/src/auth/decorators.py'> does not have the attribute 'get_current_user'
_________________ TestUploadSbiCsv.test_upload_sbi_csv_no_file _________________
/usr/lib/python3.12/unittest/mock.py:1387: in patched
    with self.decoration_helper(patched,
/usr/lib/python3.12/contextlib.py:137: in __enter__
    return next(self.gen)
           ^^^^^^^^^^^^^^
/usr/lib/python3.12/unittest/mock.py:1369: in decoration_helper
    arg = exit_stack.enter_context(patching)
          ^^^^^^^^^^^^^^^^^^^^^^^^^^^^^^^^^^
/usr/lib/python3.12/contextlib.py:526: in enter_context
    result = _enter(cm)
             ^^^^^^^^^^
/usr/lib/python3.12/unittest/mock.py:1458: in __enter__
    original, local = self.get_original()
                      ^^^^^^^^^^^^^^^^^^^
/usr/lib/python3.12/unittest/mock.py:1431: in get_original
    raise AttributeError(
E   AttributeError: <module 'src.auth.decorators' from '/home/tkimura/dev/swing/src/auth/decorators.py'> does not have the attribute 'get_current_user'
_____________ TestUploadSbiCsv.test_upload_sbi_csv_invalid_format ______________
/usr/lib/python3.12/unittest/mock.py:1387: in patched
    with self.decoration_helper(patched,
/usr/lib/python3.12/contextlib.py:137: in __enter__
    return next(self.gen)
           ^^^^^^^^^^^^^^
/usr/lib/python3.12/unittest/mock.py:1369: in decoration_helper
    arg = exit_stack.enter_context(patching)
          ^^^^^^^^^^^^^^^^^^^^^^^^^^^^^^^^^^
/usr/lib/python3.12/contextlib.py:526: in enter_context
    result = _enter(cm)
             ^^^^^^^^^^
/usr/lib/python3.12/unittest/mock.py:1458: in __enter__
    original, local = self.get_original()
                      ^^^^^^^^^^^^^^^^^^^
/usr/lib/python3.12/unittest/mock.py:1431: in get_original
    raise AttributeError(
E   AttributeError: <module 'src.auth.decorators' from '/home/tkimura/dev/swing/src/auth/decorators.py'> does not have the attribute 'get_current_user'
_______________ TestUploadSbiCsv.test_upload_sbi_csv_empty_data ________________
/usr/lib/python3.12/unittest/mock.py:1387: in patched
    with self.decoration_helper(patched,
/usr/lib/python3.12/contextlib.py:137: in __enter__
    return next(self.gen)
           ^^^^^^^^^^^^^^
/usr/lib/python3.12/unittest/mock.py:1369: in decoration_helper
    arg = exit_stack.enter_context(patching)
          ^^^^^^^^^^^^^^^^^^^^^^^^^^^^^^^^^^
/usr/lib/python3.12/contextlib.py:526: in enter_context
    result = _enter(cm)
             ^^^^^^^^^^
/usr/lib/python3.12/unittest/mock.py:1458: in __enter__
    original, local = self.get_original()
                      ^^^^^^^^^^^^^^^^^^^
/usr/lib/python3.12/unittest/mock.py:1431: in get_original
    raise AttributeError(
E   AttributeError: <module 'src.auth.decorators' from '/home/tkimura/dev/swing/src/auth/decorators.py'> does not have the attribute 'get_current_user'
___________ TestUpdateMarketValues.test_update_market_values_success ___________
/usr/lib/python3.12/unittest/mock.py:1387: in patched
    with self.decoration_helper(patched,
/usr/lib/python3.12/contextlib.py:137: in __enter__
    return next(self.gen)
           ^^^^^^^^^^^^^^
/usr/lib/python3.12/unittest/mock.py:1369: in decoration_helper
    arg = exit_stack.enter_context(patching)
          ^^^^^^^^^^^^^^^^^^^^^^^^^^^^^^^^^^
/usr/lib/python3.12/contextlib.py:526: in enter_context
    result = _enter(cm)
             ^^^^^^^^^^
/usr/lib/python3.12/unittest/mock.py:1458: in __enter__
    original, local = self.get_original()
                      ^^^^^^^^^^^^^^^^^^^
/usr/lib/python3.12/unittest/mock.py:1431: in get_original
    raise AttributeError(
E   AttributeError: <module 'src.auth.decorators' from '/home/tkimura/dev/swing/src/auth/decorators.py'> does not have the attribute 'get_current_user'
__________ TestUpdateMarketValues.test_update_market_values_exception __________
/usr/lib/python3.12/unittest/mock.py:1387: in patched
    with self.decoration_helper(patched,
/usr/lib/python3.12/contextlib.py:137: in __enter__
    return next(self.gen)
           ^^^^^^^^^^^^^^
/usr/lib/python3.12/unittest/mock.py:1369: in decoration_helper
    arg = exit_stack.enter_context(patching)
          ^^^^^^^^^^^^^^^^^^^^^^^^^^^^^^^^^^
/usr/lib/python3.12/contextlib.py:526: in enter_context
    result = _enter(cm)
             ^^^^^^^^^^
/usr/lib/python3.12/unittest/mock.py:1458: in __enter__
    original, local = self.get_original()
                      ^^^^^^^^^^^^^^^^^^^
/usr/lib/python3.12/unittest/mock.py:1431: in get_original
    raise AttributeError(
E   AttributeError: <module 'src.auth.decorators' from '/home/tkimura/dev/swing/src/auth/decorators.py'> does not have the attribute 'get_current_user'
________ TestUpdateStockIndicators.test_update_stock_indicators_success ________
/usr/lib/python3.12/unittest/mock.py:1387: in patched
    with self.decoration_helper(patched,
/usr/lib/python3.12/contextlib.py:137: in __enter__
    return next(self.gen)
           ^^^^^^^^^^^^^^
/usr/lib/python3.12/unittest/mock.py:1369: in decoration_helper
    arg = exit_stack.enter_context(patching)
          ^^^^^^^^^^^^^^^^^^^^^^^^^^^^^^^^^^
/usr/lib/python3.12/contextlib.py:526: in enter_context
    result = _enter(cm)
             ^^^^^^^^^^
/usr/lib/python3.12/unittest/mock.py:1458: in __enter__
    original, local = self.get_original()
                      ^^^^^^^^^^^^^^^^^^^
/usr/lib/python3.12/unittest/mock.py:1431: in get_original
    raise AttributeError(
E   AttributeError: <module 'src.auth.decorators' from '/home/tkimura/dev/swing/src/auth/decorators.py'> does not have the attribute 'get_current_user'
______ TestUpdateStockIndicators.test_update_stock_indicators_no_updates _______
/usr/lib/python3.12/unittest/mock.py:1387: in patched
    with self.decoration_helper(patched,
/usr/lib/python3.12/contextlib.py:137: in __enter__
    return next(self.gen)
           ^^^^^^^^^^^^^^
/usr/lib/python3.12/unittest/mock.py:1369: in decoration_helper
    arg = exit_stack.enter_context(patching)
          ^^^^^^^^^^^^^^^^^^^^^^^^^^^^^^^^^^
/usr/lib/python3.12/contextlib.py:526: in enter_context
    result = _enter(cm)
             ^^^^^^^^^^
/usr/lib/python3.12/unittest/mock.py:1458: in __enter__
    original, local = self.get_original()
                      ^^^^^^^^^^^^^^^^^^^
/usr/lib/python3.12/unittest/mock.py:1431: in get_original
    raise AttributeError(
E   AttributeError: <module 'src.auth.decorators' from '/home/tkimura/dev/swing/src/auth/decorators.py'> does not have the attribute 'get_current_user'
________________ TestDeleteHolding.test_delete_holding_success _________________
/usr/lib/python3.12/unittest/mock.py:1387: in patched
    with self.decoration_helper(patched,
/usr/lib/python3.12/contextlib.py:137: in __enter__
    return next(self.gen)
           ^^^^^^^^^^^^^^
/usr/lib/python3.12/unittest/mock.py:1369: in decoration_helper
    arg = exit_stack.enter_context(patching)
          ^^^^^^^^^^^^^^^^^^^^^^^^^^^^^^^^^^
/usr/lib/python3.12/contextlib.py:526: in enter_context
    result = _enter(cm)
             ^^^^^^^^^^
/usr/lib/python3.12/unittest/mock.py:1458: in __enter__
    original, local = self.get_original()
                      ^^^^^^^^^^^^^^^^^^^
/usr/lib/python3.12/unittest/mock.py:1431: in get_original
    raise AttributeError(
E   AttributeError: <module 'src.auth.decorators' from '/home/tkimura/dev/swing/src/auth/decorators.py'> does not have the attribute 'get_current_user'
_______________ TestDeleteHolding.test_delete_holding_not_found ________________
/usr/lib/python3.12/unittest/mock.py:1387: in patched
    with self.decoration_helper(patched,
/usr/lib/python3.12/contextlib.py:137: in __enter__
    return next(self.gen)
           ^^^^^^^^^^^^^^
/usr/lib/python3.12/unittest/mock.py:1369: in decoration_helper
    arg = exit_stack.enter_context(patching)
          ^^^^^^^^^^^^^^^^^^^^^^^^^^^^^^^^^^
/usr/lib/python3.12/contextlib.py:526: in enter_context
    result = _enter(cm)
             ^^^^^^^^^^
/usr/lib/python3.12/unittest/mock.py:1458: in __enter__
    original, local = self.get_original()
                      ^^^^^^^^^^^^^^^^^^^
/usr/lib/python3.12/unittest/mock.py:1431: in get_original
    raise AttributeError(
E   AttributeError: <module 'src.auth.decorators' from '/home/tkimura/dev/swing/src/auth/decorators.py'> does not have the attribute 'get_current_user'
____________ TestDeleteHolding.test_delete_holding_missing_account _____________
/usr/lib/python3.12/unittest/mock.py:1387: in patched
    with self.decoration_helper(patched,
/usr/lib/python3.12/contextlib.py:137: in __enter__
    return next(self.gen)
           ^^^^^^^^^^^^^^
/usr/lib/python3.12/unittest/mock.py:1369: in decoration_helper
    arg = exit_stack.enter_context(patching)
          ^^^^^^^^^^^^^^^^^^^^^^^^^^^^^^^^^^
/usr/lib/python3.12/contextlib.py:526: in enter_context
    result = _enter(cm)
             ^^^^^^^^^^
/usr/lib/python3.12/unittest/mock.py:1458: in __enter__
    original, local = self.get_original()
                      ^^^^^^^^^^^^^^^^^^^
/usr/lib/python3.12/unittest/mock.py:1431: in get_original
    raise AttributeError(
E   AttributeError: <module 'src.auth.decorators' from '/home/tkimura/dev/swing/src/auth/decorators.py'> does not have the attribute 'get_current_user'
___________ TestScreenFundamental.test_screen_fundamental_all_params ___________
/usr/lib/python3.12/unittest/mock.py:1387: in patched
    with self.decoration_helper(patched,
/usr/lib/python3.12/contextlib.py:137: in __enter__
    return next(self.gen)
           ^^^^^^^^^^^^^^
/usr/lib/python3.12/unittest/mock.py:1369: in decoration_helper
    arg = exit_stack.enter_context(patching)
          ^^^^^^^^^^^^^^^^^^^^^^^^^^^^^^^^^^
/usr/lib/python3.12/contextlib.py:526: in enter_context
    result = _enter(cm)
             ^^^^^^^^^^
/usr/lib/python3.12/unittest/mock.py:1458: in __enter__
    original, local = self.get_original()
                      ^^^^^^^^^^^^^^^^^^^
/usr/lib/python3.12/unittest/mock.py:1431: in get_original
    raise AttributeError(
E   AttributeError: <module 'src.auth.decorators' from '/home/tkimura/dev/swing/src/auth/decorators.py'> does not have the attribute 'get_current_user'
_________ TestScreenFundamental.test_screen_fundamental_minimal_params _________
/usr/lib/python3.12/unittest/mock.py:1387: in patched
    with self.decoration_helper(patched,
/usr/lib/python3.12/contextlib.py:137: in __enter__
    return next(self.gen)
           ^^^^^^^^^^^^^^
/usr/lib/python3.12/unittest/mock.py:1369: in decoration_helper
    arg = exit_stack.enter_context(patching)
          ^^^^^^^^^^^^^^^^^^^^^^^^^^^^^^^^^^
/usr/lib/python3.12/contextlib.py:526: in enter_context
    result = _enter(cm)
             ^^^^^^^^^^
/usr/lib/python3.12/unittest/mock.py:1458: in __enter__
    original, local = self.get_original()
                      ^^^^^^^^^^^^^^^^^^^
/usr/lib/python3.12/unittest/mock.py:1431: in get_original
    raise AttributeError(
E   AttributeError: <module 'src.auth.decorators' from '/home/tkimura/dev/swing/src/auth/decorators.py'> does not have the attribute 'get_current_user'
_________ TestScreenFundamental.test_screen_fundamental_empty_results __________
/usr/lib/python3.12/unittest/mock.py:1387: in patched
    with self.decoration_helper(patched,
/usr/lib/python3.12/contextlib.py:137: in __enter__
    return next(self.gen)
           ^^^^^^^^^^^^^^
/usr/lib/python3.12/unittest/mock.py:1369: in decoration_helper
    arg = exit_stack.enter_context(patching)
          ^^^^^^^^^^^^^^^^^^^^^^^^^^^^^^^^^^
/usr/lib/python3.12/contextlib.py:526: in enter_context
    result = _enter(cm)
             ^^^^^^^^^^
/usr/lib/python3.12/unittest/mock.py:1458: in __enter__
    original, local = self.get_original()
                      ^^^^^^^^^^^^^^^^^^^
/usr/lib/python3.12/unittest/mock.py:1431: in get_original
    raise AttributeError(
E   AttributeError: <module 'src.auth.decorators' from '/home/tkimura/dev/swing/src/auth/decorators.py'> does not have the attribute 'get_current_user'
__________ TestScreenFundamental.test_screen_fundamental_excel_error ___________
/usr/lib/python3.12/unittest/mock.py:1387: in patched
    with self.decoration_helper(patched,
/usr/lib/python3.12/contextlib.py:137: in __enter__
    return next(self.gen)
           ^^^^^^^^^^^^^^
/usr/lib/python3.12/unittest/mock.py:1369: in decoration_helper
    arg = exit_stack.enter_context(patching)
          ^^^^^^^^^^^^^^^^^^^^^^^^^^^^^^^^^^
/usr/lib/python3.12/contextlib.py:526: in enter_context
    result = _enter(cm)
             ^^^^^^^^^^
/usr/lib/python3.12/unittest/mock.py:1458: in __enter__
    original, local = self.get_original()
                      ^^^^^^^^^^^^^^^^^^^
/usr/lib/python3.12/unittest/mock.py:1431: in get_original
    raise AttributeError(
E   AttributeError: <module 'src.auth.decorators' from '/home/tkimura/dev/swing/src/auth/decorators.py'> does not have the attribute 'get_current_user'
________ TestScreenFundamental.test_screen_fundamental_command_failure _________
/usr/lib/python3.12/unittest/mock.py:1387: in patched
    with self.decoration_helper(patched,
/usr/lib/python3.12/contextlib.py:137: in __enter__
    return next(self.gen)
           ^^^^^^^^^^^^^^
/usr/lib/python3.12/unittest/mock.py:1369: in decoration_helper
    arg = exit_stack.enter_context(patching)
          ^^^^^^^^^^^^^^^^^^^^^^^^^^^^^^^^^^
/usr/lib/python3.12/contextlib.py:526: in enter_context
    result = _enter(cm)
             ^^^^^^^^^^
/usr/lib/python3.12/unittest/mock.py:1458: in __enter__
    original, local = self.get_original()
                      ^^^^^^^^^^^^^^^^^^^
/usr/lib/python3.12/unittest/mock.py:1431: in get_original
    raise AttributeError(
E   AttributeError: <module 'src.auth.decorators' from '/home/tkimura/dev/swing/src/auth/decorators.py'> does not have the attribute 'get_current_user'
_________ TestScreenFundamental.test_screen_fundamental_not_logged_in __________
/usr/lib/python3.12/unittest/mock.py:1387: in patched
    with self.decoration_helper(patched,
/usr/lib/python3.12/contextlib.py:137: in __enter__
    return next(self.gen)
           ^^^^^^^^^^^^^^
/usr/lib/python3.12/unittest/mock.py:1369: in decoration_helper
    arg = exit_stack.enter_context(patching)
          ^^^^^^^^^^^^^^^^^^^^^^^^^^^^^^^^^^
/usr/lib/python3.12/contextlib.py:526: in enter_context
    result = _enter(cm)
             ^^^^^^^^^^
/usr/lib/python3.12/unittest/mock.py:1458: in __enter__
    original, local = self.get_original()
                      ^^^^^^^^^^^^^^^^^^^
/usr/lib/python3.12/unittest/mock.py:1431: in get_original
    raise AttributeError(
E   AttributeError: <module 'src.auth.decorators' from '/home/tkimura/dev/swing/src/auth/decorators.py'> does not have the attribute 'get_current_user'
___________ TestScreenFundamental.test_screen_fundamental_not_admin ____________
/usr/lib/python3.12/unittest/mock.py:1387: in patched
    with self.decoration_helper(patched,
/usr/lib/python3.12/contextlib.py:137: in __enter__
    return next(self.gen)
           ^^^^^^^^^^^^^^
/usr/lib/python3.12/unittest/mock.py:1369: in decoration_helper
    arg = exit_stack.enter_context(patching)
          ^^^^^^^^^^^^^^^^^^^^^^^^^^^^^^^^^^
/usr/lib/python3.12/contextlib.py:526: in enter_context
    result = _enter(cm)
             ^^^^^^^^^^
/usr/lib/python3.12/unittest/mock.py:1458: in __enter__
    original, local = self.get_original()
                      ^^^^^^^^^^^^^^^^^^^
/usr/lib/python3.12/unittest/mock.py:1431: in get_original
    raise AttributeError(
E   AttributeError: <module 'src.auth.decorators' from '/home/tkimura/dev/swing/src/auth/decorators.py'> does not have the attribute 'get_current_user'
___________ TestScreenTechnical.test_screen_technical_screen_action ____________
/usr/lib/python3.12/unittest/mock.py:1387: in patched
    with self.decoration_helper(patched,
/usr/lib/python3.12/contextlib.py:137: in __enter__
    return next(self.gen)
           ^^^^^^^^^^^^^^
/usr/lib/python3.12/unittest/mock.py:1369: in decoration_helper
    arg = exit_stack.enter_context(patching)
          ^^^^^^^^^^^^^^^^^^^^^^^^^^^^^^^^^^
/usr/lib/python3.12/contextlib.py:526: in enter_context
    result = _enter(cm)
             ^^^^^^^^^^
/usr/lib/python3.12/unittest/mock.py:1458: in __enter__
    original, local = self.get_original()
                      ^^^^^^^^^^^^^^^^^^^
/usr/lib/python3.12/unittest/mock.py:1431: in get_original
    raise AttributeError(
E   AttributeError: <module 'src.auth.decorators' from '/home/tkimura/dev/swing/src/auth/decorators.py'> does not have the attribute 'get_current_user'
_________ TestScreenTechnical.test_screen_technical_indicators_action __________
/usr/lib/python3.12/unittest/mock.py:1387: in patched
    with self.decoration_helper(patched,
/usr/lib/python3.12/contextlib.py:137: in __enter__
    return next(self.gen)
           ^^^^^^^^^^^^^^
/usr/lib/python3.12/unittest/mock.py:1369: in decoration_helper
    arg = exit_stack.enter_context(patching)
          ^^^^^^^^^^^^^^^^^^^^^^^^^^^^^^^^^^
/usr/lib/python3.12/contextlib.py:526: in enter_context
    result = _enter(cm)
             ^^^^^^^^^^
/usr/lib/python3.12/unittest/mock.py:1458: in __enter__
    original, local = self.get_original()
                      ^^^^^^^^^^^^^^^^^^^
/usr/lib/python3.12/unittest/mock.py:1431: in get_original
    raise AttributeError(
E   AttributeError: <module 'src.auth.decorators' from '/home/tkimura/dev/swing/src/auth/decorators.py'> does not have the attribute 'get_current_user'
___________ TestScreenTechnical.test_screen_technical_default_action ___________
/usr/lib/python3.12/unittest/mock.py:1387: in patched
    with self.decoration_helper(patched,
/usr/lib/python3.12/contextlib.py:137: in __enter__
    return next(self.gen)
           ^^^^^^^^^^^^^^
/usr/lib/python3.12/unittest/mock.py:1369: in decoration_helper
    arg = exit_stack.enter_context(patching)
          ^^^^^^^^^^^^^^^^^^^^^^^^^^^^^^^^^^
/usr/lib/python3.12/contextlib.py:526: in enter_context
    result = _enter(cm)
             ^^^^^^^^^^
/usr/lib/python3.12/unittest/mock.py:1458: in __enter__
    original, local = self.get_original()
                      ^^^^^^^^^^^^^^^^^^^
/usr/lib/python3.12/unittest/mock.py:1431: in get_original
    raise AttributeError(
E   AttributeError: <module 'src.auth.decorators' from '/home/tkimura/dev/swing/src/auth/decorators.py'> does not have the attribute 'get_current_user'
___________ TestScreenTechnical.test_screen_technical_empty_results ____________
/usr/lib/python3.12/unittest/mock.py:1387: in patched
    with self.decoration_helper(patched,
/usr/lib/python3.12/contextlib.py:137: in __enter__
    return next(self.gen)
           ^^^^^^^^^^^^^^
/usr/lib/python3.12/unittest/mock.py:1369: in decoration_helper
    arg = exit_stack.enter_context(patching)
          ^^^^^^^^^^^^^^^^^^^^^^^^^^^^^^^^^^
/usr/lib/python3.12/contextlib.py:526: in enter_context
    result = _enter(cm)
             ^^^^^^^^^^
/usr/lib/python3.12/unittest/mock.py:1458: in __enter__
    original, local = self.get_original()
                      ^^^^^^^^^^^^^^^^^^^
/usr/lib/python3.12/unittest/mock.py:1431: in get_original
    raise AttributeError(
E   AttributeError: <module 'src.auth.decorators' from '/home/tkimura/dev/swing/src/auth/decorators.py'> does not have the attribute 'get_current_user'
_____________ TestScreenTechnical.test_screen_technical_exception ______________
/usr/lib/python3.12/unittest/mock.py:1387: in patched
    with self.decoration_helper(patched,
/usr/lib/python3.12/contextlib.py:137: in __enter__
    return next(self.gen)
           ^^^^^^^^^^^^^^
/usr/lib/python3.12/unittest/mock.py:1369: in decoration_helper
    arg = exit_stack.enter_context(patching)
          ^^^^^^^^^^^^^^^^^^^^^^^^^^^^^^^^^^
/usr/lib/python3.12/contextlib.py:526: in enter_context
    result = _enter(cm)
             ^^^^^^^^^^
/usr/lib/python3.12/unittest/mock.py:1458: in __enter__
    original, local = self.get_original()
                      ^^^^^^^^^^^^^^^^^^^
/usr/lib/python3.12/unittest/mock.py:1431: in get_original
    raise AttributeError(
E   AttributeError: <module 'src.auth.decorators' from '/home/tkimura/dev/swing/src/auth/decorators.py'> does not have the attribute 'get_current_user'
__________ TestScreenTechnical.test_screen_technical_with_as_of_date ___________
/usr/lib/python3.12/unittest/mock.py:1387: in patched
    with self.decoration_helper(patched,
/usr/lib/python3.12/contextlib.py:137: in __enter__
    return next(self.gen)
           ^^^^^^^^^^^^^^
/usr/lib/python3.12/unittest/mock.py:1369: in decoration_helper
    arg = exit_stack.enter_context(patching)
          ^^^^^^^^^^^^^^^^^^^^^^^^^^^^^^^^^^
/usr/lib/python3.12/contextlib.py:526: in enter_context
    result = _enter(cm)
             ^^^^^^^^^^
/usr/lib/python3.12/unittest/mock.py:1458: in __enter__
    original, local = self.get_original()
                      ^^^^^^^^^^^^^^^^^^^
/usr/lib/python3.12/unittest/mock.py:1431: in get_original
    raise AttributeError(
E   AttributeError: <module 'src.auth.decorators' from '/home/tkimura/dev/swing/src/auth/decorators.py'> does not have the attribute 'get_current_user'
___________________ TestScreenMl.test_screen_ml_train_action ___________________
/usr/lib/python3.12/unittest/mock.py:1387: in patched
    with self.decoration_helper(patched,
/usr/lib/python3.12/contextlib.py:137: in __enter__
    return next(self.gen)
           ^^^^^^^^^^^^^^
/usr/lib/python3.12/unittest/mock.py:1369: in decoration_helper
    arg = exit_stack.enter_context(patching)
          ^^^^^^^^^^^^^^^^^^^^^^^^^^^^^^^^^^
/usr/lib/python3.12/contextlib.py:526: in enter_context
    result = _enter(cm)
             ^^^^^^^^^^
/usr/lib/python3.12/unittest/mock.py:1458: in __enter__
    original, local = self.get_original()
                      ^^^^^^^^^^^^^^^^^^^
/usr/lib/python3.12/unittest/mock.py:1431: in get_original
    raise AttributeError(
E   AttributeError: <module 'src.auth.decorators' from '/home/tkimura/dev/swing/src/auth/decorators.py'> does not have the attribute 'get_current_user'
__________________ TestScreenMl.test_screen_ml_screen_action ___________________
/usr/lib/python3.12/unittest/mock.py:1387: in patched
    with self.decoration_helper(patched,
/usr/lib/python3.12/contextlib.py:137: in __enter__
    return next(self.gen)
           ^^^^^^^^^^^^^^
/usr/lib/python3.12/unittest/mock.py:1369: in decoration_helper
    arg = exit_stack.enter_context(patching)
          ^^^^^^^^^^^^^^^^^^^^^^^^^^^^^^^^^^
/usr/lib/python3.12/contextlib.py:526: in enter_context
    result = _enter(cm)
             ^^^^^^^^^^
/usr/lib/python3.12/unittest/mock.py:1458: in __enter__
    original, local = self.get_original()
                      ^^^^^^^^^^^^^^^^^^^
/usr/lib/python3.12/unittest/mock.py:1431: in get_original
    raise AttributeError(
E   AttributeError: <module 'src.auth.decorators' from '/home/tkimura/dev/swing/src/auth/decorators.py'> does not have the attribute 'get_current_user'
__________________ TestScreenMl.test_screen_ml_default_action __________________
/usr/lib/python3.12/unittest/mock.py:1387: in patched
    with self.decoration_helper(patched,
/usr/lib/python3.12/contextlib.py:137: in __enter__
    return next(self.gen)
           ^^^^^^^^^^^^^^
/usr/lib/python3.12/unittest/mock.py:1369: in decoration_helper
    arg = exit_stack.enter_context(patching)
          ^^^^^^^^^^^^^^^^^^^^^^^^^^^^^^^^^^
/usr/lib/python3.12/contextlib.py:526: in enter_context
    result = _enter(cm)
             ^^^^^^^^^^
/usr/lib/python3.12/unittest/mock.py:1458: in __enter__
    original, local = self.get_original()
                      ^^^^^^^^^^^^^^^^^^^
/usr/lib/python3.12/unittest/mock.py:1431: in get_original
    raise AttributeError(
E   AttributeError: <module 'src.auth.decorators' from '/home/tkimura/dev/swing/src/auth/decorators.py'> does not have the attribute 'get_current_user'
_______________ TestScreenMl.test_screen_ml_train_without_force ________________
/usr/lib/python3.12/unittest/mock.py:1387: in patched
    with self.decoration_helper(patched,
/usr/lib/python3.12/contextlib.py:137: in __enter__
    return next(self.gen)
           ^^^^^^^^^^^^^^
/usr/lib/python3.12/unittest/mock.py:1369: in decoration_helper
    arg = exit_stack.enter_context(patching)
          ^^^^^^^^^^^^^^^^^^^^^^^^^^^^^^^^^^
/usr/lib/python3.12/contextlib.py:526: in enter_context
    result = _enter(cm)
             ^^^^^^^^^^
/usr/lib/python3.12/unittest/mock.py:1458: in __enter__
    original, local = self.get_original()
                      ^^^^^^^^^^^^^^^^^^^
/usr/lib/python3.12/unittest/mock.py:1431: in get_original
    raise AttributeError(
E   AttributeError: <module 'src.auth.decorators' from '/home/tkimura/dev/swing/src/auth/decorators.py'> does not have the attribute 'get_current_user'
____________ TestScreeningIntegration.test_all_screening_endpoints _____________
/usr/lib/python3.12/unittest/mock.py:1387: in patched
    with self.decoration_helper(patched,
/usr/lib/python3.12/contextlib.py:137: in __enter__
    return next(self.gen)
           ^^^^^^^^^^^^^^
/usr/lib/python3.12/unittest/mock.py:1369: in decoration_helper
    arg = exit_stack.enter_context(patching)
          ^^^^^^^^^^^^^^^^^^^^^^^^^^^^^^^^^^
/usr/lib/python3.12/contextlib.py:526: in enter_context
    result = _enter(cm)
             ^^^^^^^^^^
/usr/lib/python3.12/unittest/mock.py:1458: in __enter__
    original, local = self.get_original()
                      ^^^^^^^^^^^^^^^^^^^
/usr/lib/python3.12/unittest/mock.py:1431: in get_original
    raise AttributeError(
E   AttributeError: <module 'src.auth.decorators' from '/home/tkimura/dev/swing/src/auth/decorators.py'> does not have the attribute 'get_current_user'
_________ TestScreeningIntegration.test_excel_column_width_adjustment __________
/usr/lib/python3.12/unittest/mock.py:1387: in patched
    with self.decoration_helper(patched,
/usr/lib/python3.12/contextlib.py:137: in __enter__
    return next(self.gen)
           ^^^^^^^^^^^^^^
/usr/lib/python3.12/unittest/mock.py:1369: in decoration_helper
    arg = exit_stack.enter_context(patching)
          ^^^^^^^^^^^^^^^^^^^^^^^^^^^^^^^^^^
/usr/lib/python3.12/contextlib.py:526: in enter_context
    result = _enter(cm)
             ^^^^^^^^^^
/usr/lib/python3.12/unittest/mock.py:1458: in __enter__
    original, local = self.get_original()
                      ^^^^^^^^^^^^^^^^^^^
/usr/lib/python3.12/unittest/mock.py:1431: in get_original
    raise AttributeError(
E   AttributeError: <module 'src.auth.decorators' from '/home/tkimura/dev/swing/src/auth/decorators.py'> does not have the attribute 'get_current_user'
________________ TestGetSecretKey.test_get_secret_key_from_file ________________
tests/ui/test_common.py:40: in test_get_secret_key_from_file
    assert get_secret_key() == test_key
E   AssertionError: assert <MagicMock name='mock.__truediv__().read_text().strip()' id='128618921324240'> == 'test-secret-key-from-file'
E    +  where <MagicMock name='mock.__truediv__().read_text().strip()' id='128618921324240'> = get_secret_key()
______________ TestGetSecretKey.test_get_secret_key_generate_new _______________
tests/ui/test_common.py:58: in test_get_secret_key_generate_new
    assert result == test_key
E   AssertionError: assert <MagicMock name='mock.__truediv__().read_text().strip()' id='128618895669632'> == 'new-generated-secret-key'
_______________ TestCompressResponse.test_compress_text_response _______________
tests/ui/test_common.py:109: in test_compress_text_response
    response = view()
               ^^^^^^
src/ui/common.py:57: in decorated_function
    response = make_response(f(*args, **kwargs))
               ^^^^^^^^^^^^^^^^^^^^^^^^^^^^^^^^^
venv/lib/python3.12/site-packages/flask/helpers.py:185: in make_response
    return current_app.make_response(args)
           ^^^^^^^^^^^^^^^^^^^^^^^^^
venv/lib/python3.12/site-packages/werkzeug/local.py:318: in __get__
    obj = instance._get_current_object()
          ^^^^^^^^^^^^^^^^^^^^^^^^^^^^^^
venv/lib/python3.12/site-packages/werkzeug/local.py:519: in _get_current_object
    raise RuntimeError(unbound_message) from None
E   RuntimeError: Working outside of application context.
E
E   This typically means that you attempted to use functionality that needed
E   the current application. To solve this, set up an application context
E   with app.app_context(). See the documentation for more information.
_______________ TestCompressResponse.test_compress_json_response _______________
tests/ui/test_common.py:129: in test_compress_json_response
    response = view()
               ^^^^^^
src/ui/common.py:57: in decorated_function
    response = make_response(f(*args, **kwargs))
               ^^^^^^^^^^^^^^^^^^^^^^^^^^^^^^^^^
venv/lib/python3.12/site-packages/flask/helpers.py:185: in make_response
    return current_app.make_response(args)
           ^^^^^^^^^^^^^^^^^^^^^^^^^
venv/lib/python3.12/site-packages/werkzeug/local.py:318: in __get__
    obj = instance._get_current_object()
          ^^^^^^^^^^^^^^^^^^^^^^^^^^^^^^
venv/lib/python3.12/site-packages/werkzeug/local.py:519: in _get_current_object
    raise RuntimeError(unbound_message) from None
E   RuntimeError: Working outside of application context.
E
E   This typically means that you attempted to use functionality that needed
E   the current application. To solve this, set up an application context
E   with app.app_context(). See the documentation for more information.
____________ TestCompressResponse.test_compress_javascript_response ____________
tests/ui/test_common.py:145: in test_compress_javascript_response
    response = view()
               ^^^^^^
src/ui/common.py:57: in decorated_function
    response = make_response(f(*args, **kwargs))
               ^^^^^^^^^^^^^^^^^^^^^^^^^^^^^^^^^
venv/lib/python3.12/site-packages/flask/helpers.py:185: in make_response
    return current_app.make_response(args)
           ^^^^^^^^^^^^^^^^^^^^^^^^^
venv/lib/python3.12/site-packages/werkzeug/local.py:318: in __get__
    obj = instance._get_current_object()
          ^^^^^^^^^^^^^^^^^^^^^^^^^^^^^^
venv/lib/python3.12/site-packages/werkzeug/local.py:519: in _get_current_object
    raise RuntimeError(unbound_message) from None
E   RuntimeError: Working outside of application context.
E
E   This typically means that you attempted to use functionality that needed
E   the current application. To solve this, set up an application context
E   with app.app_context(). See the documentation for more information.
____________ TestCompressResponse.test_no_compress_binary_response _____________
tests/ui/test_common.py:161: in test_no_compress_binary_response
    response = view()
               ^^^^^^
src/ui/common.py:57: in decorated_function
    response = make_response(f(*args, **kwargs))
               ^^^^^^^^^^^^^^^^^^^^^^^^^^^^^^^^^
venv/lib/python3.12/site-packages/flask/helpers.py:185: in make_response
    return current_app.make_response(args)
           ^^^^^^^^^^^^^^^^^^^^^^^^^
venv/lib/python3.12/site-packages/werkzeug/local.py:318: in __get__
    obj = instance._get_current_object()
          ^^^^^^^^^^^^^^^^^^^^^^^^^^^^^^
venv/lib/python3.12/site-packages/werkzeug/local.py:519: in _get_current_object
    raise RuntimeError(unbound_message) from None
E   RuntimeError: Working outside of application context.
E
E   This typically means that you attempted to use functionality that needed
E   the current application. To solve this, set up an application context
E   with app.app_context(). See the documentation for more information.
_____________ TestCompressResponse.test_no_compress_image_response _____________
tests/ui/test_common.py:177: in test_no_compress_image_response
    response = view()
               ^^^^^^
src/ui/common.py:57: in decorated_function
    response = make_response(f(*args, **kwargs))
               ^^^^^^^^^^^^^^^^^^^^^^^^^^^^^^^^^
venv/lib/python3.12/site-packages/flask/helpers.py:185: in make_response
    return current_app.make_response(args)
           ^^^^^^^^^^^^^^^^^^^^^^^^^
venv/lib/python3.12/site-packages/werkzeug/local.py:318: in __get__
    obj = instance._get_current_object()
          ^^^^^^^^^^^^^^^^^^^^^^^^^^^^^^
venv/lib/python3.12/site-packages/werkzeug/local.py:519: in _get_current_object
    raise RuntimeError(unbound_message) from None
E   RuntimeError: Working outside of application context.
E
E   This typically means that you attempted to use functionality that needed
[...]
backtest/technical_runner.py                                  68     68     28      0     0%
conftest.py                                                   18      0      2      1    95%
db/__init__.py                                                 0      0      0      0   100%
db/db_schema.py                                               45      1     12      1    96%
db/db_summary.py                                              12      0      2      0   100%
db/list_signals.py                                            43      2     12      1    95%
fetch/__init__.py                                              0      0      0      0   100%
fetch/daily_quotes.py                                        205     31     52      5    83%
fetch/listed_info.py                                          52      1      8      1    97%
fetch/statements.py                                          157     19     48     14    84%
screening/__init__.py                                          0      0      0      0   100%
screening/screen_ml.py                                       179     22     34      5    84%
screening/screen_statements.py                               136      0     12      1    99%
screening/screen_technical.py                                180      7     40      6    94%
screening/thresholds.py                                       38      0      2      0   100%
scripts/__init__.py                                            0      0      0      0   100%
scripts/add_transaction_indexes.py                            34     34      4      0     0%
scripts/create_technical_indexes.py                           25     25      4      0     0%
scripts/debug_technical_diff.py                               18     18      0      0     0%
scripts/log_viewer.py                                         99     99     44      0     0%
scripts/optimize_indexes.py                                   19     19      2      0     0%
src/__init__.py                                                0      0      0      0   100%
src/auth/__init__.py                                           4      0      0      0   100%
src/auth/admin_setup.py                                       25      0      6      0   100%
src/auth/auth.py                                              81      0     38      0   100%
src/auth/decorators.py                                        50      0     16      0   100%
src/auth/models.py                                           139      1     14      2    98%
src/cli/__init__.py                                            0      0      0      0   100%
src/cli/scheduler.py                                          36      0      8      3    93%
src/cli/update_idtoken.py                                     57      0     12      0   100%
src/config.py                                                 91      0     16      0   100%
src/portfolio/__init__.py                                      5      0      0      0   100%
src/portfolio/csv_parser/__init__.py                          29     11      0      0    62%
src/portfolio/csv_parser/base.py                              13      2      2      1    80%
src/portfolio/csv_parser/encodings.py                         32      0     12      0   100%
src/portfolio/csv_parser/parsers/__init__.py                   3      0      0      0   100%
src/portfolio/csv_parser/parsers/holdings.py                 237     25    154     22    87%
src/portfolio/csv_parser/parsers/transactions.py             227     65    126     20    68%
src/portfolio/csv_parser/utils/__init__.py                     2      0      0      0   100%
src/portfolio/csv_parser/utils/converters.py                  61      2     30      1    97%
src/portfolio/fund_manager.py                                121      3     24      3    96%
src/portfolio/holdings_manager.py                            167     51     42     11    68%
src/portfolio/indicators_manager.py                           90      0     32      5    96%
src/portfolio/manager.py                                      61      0      8      1    99%
src/portfolio/models/__init__.py                               3      0      0      0   100%
src/portfolio/models/holding.py                              177     23     30      6    85%
src/portfolio/models/transaction.py                          113      4     14      0    97%
src/portfolio/parsers/__init__.py                              4      4      0      0     0%
src/portfolio/parsers/base.py                                 75     75     22      0     0%
src/portfolio/parsers/holdings.py                             87     87     46      0     0%
src/portfolio/parsers/transactions.py                         97     97     44      0     0%
src/portfolio/portfolio_aggregator.py                         40      0      6      0   100%
src/portfolio/repository.py                                  127     36     30      4    69%
src/portfolio/service.py                                     132      3     48      5    94%
src/portfolio/transaction_manager.py                          58      4     18      1    93%
src/portfolio/visualization.py                                14     14      0      0     0%
src/portfolio/visualizers/__init__.py                          5      0      0      0   100%
src/portfolio/visualizers/base.py                             18      1      0      0    94%
src/portfolio/visualizers/composition.py                      61      0      4      0   100%
src/portfolio/visualizers/heatmap.py                          60     46      6      0    21%
src/portfolio/visualizers/performance.py                     101     84     26      0    13%
src/repositories/__init__.py                                   3      0      0      0   100%
src/repositories/interfaces.py                               106     32      0      0    70%
src/repositories/sqlite/__init__.py                            6      0      0      0   100%
src/repositories/sqlite/base.py                               64      7     24     12    78%
src/repositories/sqlite/indicator_repository.py               86     76     48      0     7%
src/repositories/sqlite/listed_info_repository.py             55      1     14      1    97%
src/repositories/sqlite/price_repository.py                   60      3     16      3    92%
src/repositories/sqlite/signal_repository.py                  95     84     44      0     8%
src/repositories/sqlite/statements_repository.py              68      2     16      2    95%
src/types/__init__.py                                          0      0      0      0   100%
src/types/flask_types.py                                      40     18     16      3    45%
src/ui/__init__.py                                             0      0      0      0   100%
src/ui/blueprints/__init__.py                                  8      0      0      0   100%
src/ui/blueprints/auth/__init__.py                             2      0      0      0   100%
src/ui/blueprints/auth/routes.py                              51      0     20      1    99%
src/ui/blueprints/backtest/__init__.py                         2      0      0      0   100%
src/ui/blueprints/backtest/routes.py                          81     60     28      0    19%
src/ui/blueprints/fetch/__init__.py                            2      0      0      0   100%
src/ui/blueprints/fetch/routes.py                             91     67     14      0    23%
src/ui/blueprints/portfolio/__init__.py                       10      0      0      0   100%
src/ui/blueprints/portfolio/base.py                          101     72     22      0    24%
src/ui/blueprints/portfolio/holdings.py                      212    176     60      0    13%
src/ui/blueprints/portfolio/transactions/__init__.py          88     58     10      0    31%
src/ui/blueprints/portfolio/transactions/repositories.py      90     79     26      0     9%
src/ui/blueprints/portfolio/transactions/services.py         177    160     98      0     6%
src/ui/blueprints/portfolio/visualize.py                      48     30      6      0    33%
src/ui/blueprints/results/__init__.py                          2      0      0      0   100%
src/ui/blueprints/results/routes.py                           51     33     14      0    28%
src/ui/blueprints/screening/__init__.py                        2      0      0      0   100%
src/ui/blueprints/screening/routes.py                        131    105     42      0    15%
src/ui/blueprints/utils/__init__.py                            2      0      0      0   100%
src/ui/blueprints/utils/routes.py                            149    115     42      0    18%
src/ui/common.py                                              72      9     16      1    86%
src/ui/services/__init__.py                                    2      0      0      0   100%
src/ui/services/command_service.py                            49      0     18      0   100%
src/ui/services/db_service.py                                 66      0     14      0   100%
src/ui/services/file_service.py                               75      1     16      1    98%
src/ui/web.py                                                108     10     26      5    89%
src/ui/web_core.py                                            25     25      4      0     0%
src/ui/web_production.py                                      17     17      0      0     0%
src/utils/__init__.py                                          0      0      0      0   100%
src/utils/api_utils.py                                        87      1     28      2    97%
src/utils/cache.py                                            57      0     14      0   100%
src/utils/data_utils.py                                      108      3     54      6    94%
src/utils/db_utils.py                                         67      0     10      0   100%
src/utils/file_utils.py                                       23      0      4      0   100%
src/utils/logging_config.py                                   31      0      4      0   100%
--------------------------------------------------------------------------------------------
TOTAL                                                       7898   2808   2214    191    61%
Coverage HTML written to dir htmlcov
=========================== short test summary info ============================
FAILED tests/fetch/test_daily_quotes.py::TestRateLimiter::test_init - TypeErr...
FAILED tests/fetch/test_daily_quotes.py::TestNormFunction::test_norm_fill_missing_values
FAILED tests/fetch/test_daily_quotes.py::TestFetchAndLoad::test_fetch_and_load_with_dates
FAILED tests/fetch/test_daily_quotes.py::TestFetchAndLoad::test_fetch_and_load_today_only
FAILED tests/portfolio/csv_parser/parsers/test_holdings_parser.py::TestHoldingsParser::test_parse_detailed_format
FAILED tests/portfolio/csv_parser/parsers/test_holdings_parser.py::TestHoldingsParser::test_parse_savefile_format
FAILED tests/portfolio/csv_parser/parsers/test_holdings_parser.py::TestHoldingsParser::test_parse_with_lending_info
FAILED tests/portfolio/csv_parser/parsers/test_holdings_parser.py::TestHoldingsParser::test_normalize_code
FAILED tests/portfolio/test_repository.py::TestGetPortfolioSummary::test_get_portfolio_summary
FAILED tests/portfolio/test_service.py::TestUpdateHoldingsFromCsv::test_update_holdings_from_csv_standard_format
FAILED tests/portfolio/test_service.py::TestUpdateHoldingsFromCsv::test_update_holdings_from_csv_savefile_format
FAILED tests/portfolio/test_service.py::TestUpdateHoldingsFromCsv::test_update_holdings_from_csv_skip_invalid
FAILED tests/portfolio/test_service.py::TestRecalculateHoldings::test_recalculate_holdings_buy_only
FAILED tests/portfolio/test_service.py::TestAggregateHoldingsByCode::test_aggregate_holdings_by_code
FAILED tests/portfolio/test_service.py::TestCreateHoldingFromCsvData::test_create_holding_invalid_data
FAILED tests/portfolio/test_service.py::TestPortfolioServiceIntegration::test_csv_import_and_update_flow
FAILED tests/portfolio/visualizers/test_composition.py::TestCreateSectorCompositionChart::test_create_sector_composition_chart
FAILED tests/portfolio/visualizers/test_composition.py::TestCreateMarketCompositionChart::test_create_market_composition_chart
FAILED tests/portfolio/visualizers/test_composition.py::TestCompositionVisualizerIntegration::test_visualizer_with_empty_company_names
FAILED tests/ui/blueprints/backtest/test_backtest_routes.py::TestBacktestFundamental::test_backtest_fundamental_all_params
FAILED tests/ui/blueprints/backtest/test_backtest_routes.py::TestBacktestFundamental::test_backtest_fundamental_minimal_params
FAILED tests/ui/blueprints/backtest/test_backtest_routes.py::TestBacktestFundamental::test_backtest_fundamental_failure
FAILED tests/ui/blueprints/backtest/test_backtest_routes.py::TestBacktestFundamental::test_backtest_fundamental_not_logged_in
FAILED tests/ui/blueprints/backtest/test_backtest_routes.py::TestBacktestFundamental::test_backtest_fundamental_not_admin
FAILED tests/ui/blueprints/backtest/test_backtest_routes.py::TestBacktestTechnical::test_backtest_technical_all_params
FAILED tests/ui/blueprints/backtest/test_backtest_routes.py::TestBacktestTechnical::test_backtest_technical_stop_loss_param
FAILED tests/ui/blueprints/backtest/test_backtest_routes.py::TestBacktestTechnical::test_backtest_technical_empty_params
FAILED tests/ui/blueprints/backtest/test_backtest_routes.py::TestBacktestMl::test_backtest_ml_all_params
FAILED tests/ui/blueprints/backtest/test_backtest_routes.py::TestBacktestMl::test_backtest_ml_top_param_only
FAILED tests/ui/blueprints/backtest/test_backtest_routes.py::TestBacktestIntegration::test_all_backtest_endpoints
FAILED tests/ui/blueprints/backtest/test_backtest_routes.py::TestBacktestIntegration::test_command_injection_prevention
FAILED tests/ui/blueprints/fetch/test_fetch_routes.py::TestFetchQuotes::test_fetch_quotes_with_dates
FAILED tests/ui/blueprints/fetch/test_fetch_routes.py::TestFetchQuotes::test_fetch_quotes_no_dates
FAILED tests/ui/blueprints/fetch/test_fetch_routes.py::TestFetchQuotes::test_fetch_quotes_failure
FAILED tests/ui/blueprints/fetch/test_fetch_routes.py::TestFetchQuotes::test_fetch_quotes_exception
FAILED tests/ui/blueprints/fetch/test_fetch_routes.py::TestFetchQuotes::test_fetch_quotes_not_logged_in
FAILED tests/ui/blueprints/fetch/test_fetch_routes.py::TestFetchQuotes::test_fetch_quotes_not_admin
FAILED tests/ui/blueprints/fetch/test_fetch_routes.py::TestFetchListed::test_fetch_listed_success
FAILED tests/ui/blueprints/fetch/test_fetch_routes.py::TestFetchListed::test_fetch_listed_failure
FAILED tests/ui/blueprints/fetch/test_fetch_routes.py::TestFetchListed::test_fetch_listed_exception
FAILED tests/ui/blueprints/fetch/test_fetch_routes.py::TestFetchStatements::test_fetch_statements_all_params
FAILED tests/ui/blueprints/fetch/test_fetch_routes.py::TestFetchStatements::test_fetch_statements_default_mode
FAILED tests/ui/blueprints/fetch/test_fetch_routes.py::TestFetchStatements::test_fetch_statements_various_modes
FAILED tests/ui/blueprints/fetch/test_fetch_routes.py::TestFetchStatements::test_fetch_statements_failure
FAILED tests/ui/blueprints/fetch/test_fetch_routes.py::TestFetchIntegration::test_all_fetch_endpoints
FAILED tests/ui/blueprints/fetch/test_fetch_routes.py::TestFetchIntegration::test_console_output
FAILED tests/ui/blueprints/fetch/test_fetch_routes.py::TestFetchIntegration::test_empty_json_values
FAILED tests/ui/blueprints/portfolio/test_holdings.py::TestGetHoldings::test_get_holdings_normal
FAILED tests/ui/blueprints/portfolio/test_holdings.py::TestGetHoldings::test_get_holdings_aggregate
FAILED tests/ui/blueprints/portfolio/test_holdings.py::TestGetHoldings::test_get_holdings_exception
FAILED tests/ui/blueprints/portfolio/test_holdings.py::TestGetHoldings::test_get_holdings_not_logged_in
FAILED tests/ui/blueprints/portfolio/test_holdings.py::TestUploadSbiCsv::test_upload_sbi_csv_success
FAILED tests/ui/blueprints/portfolio/test_holdings.py::TestUploadSbiCsv::test_upload_sbi_csv_no_file
FAILED tests/ui/blueprints/portfolio/test_holdings.py::TestUploadSbiCsv::test_upload_sbi_csv_invalid_format
FAILED tests/ui/blueprints/portfolio/test_holdings.py::TestUploadSbiCsv::test_upload_sbi_csv_empty_data
FAILED tests/ui/blueprints/portfolio/test_holdings.py::TestUpdateMarketValues::test_update_market_values_success
FAILED tests/ui/blueprints/portfolio/test_holdings.py::TestUpdateMarketValues::test_update_market_values_exception
FAILED tests/ui/blueprints/portfolio/test_holdings.py::TestUpdateStockIndicators::test_update_stock_indicators_success
FAILED tests/ui/blueprints/portfolio/test_holdings.py::TestUpdateStockIndicators::test_update_stock_indicators_no_updates
FAILED tests/ui/blueprints/portfolio/test_holdings.py::TestDeleteHolding::test_delete_holding_success
FAILED tests/ui/blueprints/portfolio/test_holdings.py::TestDeleteHolding::test_delete_holding_not_found
FAILED tests/ui/blueprints/portfolio/test_holdings.py::TestDeleteHolding::test_delete_holding_missing_account
FAILED tests/ui/blueprints/screening/test_screening_routes.py::TestScreenFundamental::test_screen_fundamental_all_params
FAILED tests/ui/blueprints/screening/test_screening_routes.py::TestScreenFundamental::test_screen_fundamental_minimal_params
FAILED tests/ui/blueprints/screening/test_screening_routes.py::TestScreenFundamental::test_screen_fundamental_empty_results
FAILED tests/ui/blueprints/screening/test_screening_routes.py::TestScreenFundamental::test_screen_fundamental_excel_error
FAILED tests/ui/blueprints/screening/test_screening_routes.py::TestScreenFundamental::test_screen_fundamental_command_failure
FAILED tests/ui/blueprints/screening/test_screening_routes.py::TestScreenFundamental::test_screen_fundamental_not_logged_in
FAILED tests/ui/blueprints/screening/test_screening_routes.py::TestScreenFundamental::test_screen_fundamental_not_admin
FAILED tests/ui/blueprints/screening/test_screening_routes.py::TestScreenTechnical::test_screen_technical_screen_action
FAILED tests/ui/blueprints/screening/test_screening_routes.py::TestScreenTechnical::test_screen_technical_indicators_action
FAILED tests/ui/blueprints/screening/test_screening_routes.py::TestScreenTechnical::test_screen_technical_default_action
FAILED tests/ui/blueprints/screening/test_screening_routes.py::TestScreenTechnical::test_screen_technical_empty_results
FAILED tests/ui/blueprints/screening/test_screening_routes.py::TestScreenTechnical::test_screen_technical_exception
FAILED tests/ui/blueprints/screening/test_screening_routes.py::TestScreenTechnical::test_screen_technical_with_as_of_date
FAILED tests/ui/blueprints/screening/test_screening_routes.py::TestScreenMl::test_screen_ml_train_action
FAILED tests/ui/blueprints/screening/test_screening_routes.py::TestScreenMl::test_screen_ml_screen_action
FAILED tests/ui/blueprints/screening/test_screening_routes.py::TestScreenMl::test_screen_ml_default_action
FAILED tests/ui/blueprints/screening/test_screening_routes.py::TestScreenMl::test_screen_ml_train_without_force
FAILED tests/ui/blueprints/screening/test_screening_routes.py::TestScreeningIntegration::test_all_screening_endpoints
FAILED tests/ui/blueprints/screening/test_screening_routes.py::TestScreeningIntegration::test_excel_column_width_adjustment
FAILED tests/ui/test_common.py::TestGetSecretKey::test_get_secret_key_from_file
FAILED tests/ui/test_common.py::TestGetSecretKey::test_get_secret_key_generate_new
FAILED tests/ui/test_common.py::TestCompressResponse::test_compress_text_response
FAILED tests/ui/test_common.py::TestCompressResponse::test_compress_json_response
FAILED tests/ui/test_common.py::TestCompressResponse::test_compress_javascript_response
FAILED tests/ui/test_common.py::TestCompressResponse::test_no_compress_binary_response
FAILED tests/ui/test_common.py::TestCompressResponse::test_no_compress_image_response
================== 88 failed, 931 passed, 4 skipped in 27.98s ==================
